[2025-07-01 09:09:36] local.ERROR: Failed to list music files from Bunny.net {"error":"Client error: `GET https://storage.bunnycdn.com/your-storage-zone-name/music//` resulted in a `401 Unauthorized` response:
{\"HttpCode\":401,\"Message\":\"Unauthorized\"}
","directory":"music/"} 
[2025-07-01 09:46:09] local.INFO: Bunny.net API Request {"url":"https://storage.bunnycdn.com/tec-cathecism/music//"} 
[2025-07-01 09:46:10] local.INFO: Bunny.net API Response {"status":200,"file_count":0,"first_file":null} 
[2025-07-01 09:47:47] local.INFO: Bunny.net API Request {"url":"https://storage.bunnycdn.com/tec-cathecism/"} 
[2025-07-01 09:47:47] local.INFO: Bunny.net API Response {"status":200,"file_count":18,"first_file":{"Guid":"809383d5-b2dd-45d7-8d8b-b44213c9d38a","StorageZoneName":"tec-cathecism","Path":"/tec-cathecism/","ObjectName":"Lords Day 10.mp3","Length":72292527,"LastChanged":"2025-06-29T23:46:34.113","ServerId":568,"ArrayNumber":2,"IsDirectory":false,"UserId":"c3be5f11-4228-469d-bf89-c4aba9b84ac9","ContentType":"","DateCreated":"2025-06-29T23:46:34.113","StorageZoneId":1097998,"Checksum":"9011864D3235BBF0635B18A2DDD3CAB02B6E4FBAE5C5FDF3AC939AC729A29A36","ReplicatedZones":"UK,LA"}} 
[2025-07-01 09:52:12] local.INFO: Bunny.net API Request {"url":"https://storage.bunnycdn.com/tec-cathecism/"} 
[2025-07-01 09:52:12] local.INFO: Bunny.net API Response {"status":200,"file_count":18,"first_file":{"Guid":"809383d5-b2dd-45d7-8d8b-b44213c9d38a","StorageZoneName":"tec-cathecism","Path":"/tec-cathecism/","ObjectName":"Lords Day 10.mp3","Length":72292527,"LastChanged":"2025-06-29T23:46:34.113","ServerId":568,"ArrayNumber":2,"IsDirectory":false,"UserId":"c3be5f11-4228-469d-bf89-c4aba9b84ac9","ContentType":"","DateCreated":"2025-06-29T23:46:34.113","StorageZoneId":1097998,"Checksum":"9011864D3235BBF0635B18A2DDD3CAB02B6E4FBAE5C5FDF3AC939AC729A29A36","ReplicatedZones":"UK,LA"}} 
[2025-07-01 09:52:13] local.ERROR: App\Services\BunnyStorageService::clearCache(): Argument #1 ($directory) must be of type string, null given, called in /home/elder/Apps/audio_app/app/Console/Commands/SyncMusicFromBunny.php on line 79 {"exception":"[object] (TypeError(code: 0): App\\Services\\BunnyStorageService::clearCache(): Argument #1 ($directory) must be of type string, null given, called in /home/elder/Apps/audio_app/app/Console/Commands/SyncMusicFromBunny.php on line 79 at /home/elder/Apps/audio_app/app/Services/BunnyStorageService.php:184)
[stacktrace]
#0 /home/elder/Apps/audio_app/app/Console/Commands/SyncMusicFromBunny.php(79): App\\Services\\BunnyStorageService->clearCache(NULL)
#1 /home/elder/Apps/audio_app/vendor/laravel/framework/src/Illuminate/Container/BoundMethod.php(36): App\\Console\\Commands\\SyncMusicFromBunny->handle(Object(App\\Services\\BunnyStorageService))
#2 /home/elder/Apps/audio_app/vendor/laravel/framework/src/Illuminate/Container/Util.php(43): Illuminate\\Container\\BoundMethod::Illuminate\\Container\\{closure}()
#3 /home/elder/Apps/audio_app/vendor/laravel/framework/src/Illuminate/Container/BoundMethod.php(96): Illuminate\\Container\\Util::unwrapIfClosure(Object(Closure))
#4 /home/elder/Apps/audio_app/vendor/laravel/framework/src/Illuminate/Container/BoundMethod.php(35): Illuminate\\Container\\BoundMethod::callBoundMethod(Object(Illuminate\\Foundation\\Application), Array, Object(Closure))
#5 /home/elder/Apps/audio_app/vendor/laravel/framework/src/Illuminate/Container/Container.php(754): Illuminate\\Container\\BoundMethod::call(Object(Illuminate\\Foundation\\Application), Array, Array, NULL)
#6 /home/elder/Apps/audio_app/vendor/laravel/framework/src/Illuminate/Console/Command.php(209): Illuminate\\Container\\Container->call(Array)
#7 /home/elder/Apps/audio_app/vendor/symfony/console/Command/Command.php(318): Illuminate\\Console\\Command->execute(Object(Symfony\\Component\\Console\\Input\\ArgvInput), Object(Illuminate\\Console\\OutputStyle))
#8 /home/elder/Apps/audio_app/vendor/laravel/framework/src/Illuminate/Console/Command.php(178): Symfony\\Component\\Console\\Command\\Command->run(Object(Symfony\\Component\\Console\\Input\\ArgvInput), Object(Illuminate\\Console\\OutputStyle))
#9 /home/elder/Apps/audio_app/vendor/symfony/console/Application.php(1092): Illuminate\\Console\\Command->run(Object(Symfony\\Component\\Console\\Input\\ArgvInput), Object(Symfony\\Component\\Console\\Output\\ConsoleOutput))
#10 /home/elder/Apps/audio_app/vendor/symfony/console/Application.php(341): Symfony\\Component\\Console\\Application->doRunCommand(Object(App\\Console\\Commands\\SyncMusicFromBunny), Object(Symfony\\Component\\Console\\Input\\ArgvInput), Object(Symfony\\Component\\Console\\Output\\ConsoleOutput))
#11 /home/elder/Apps/audio_app/vendor/symfony/console/Application.php(192): Symfony\\Component\\Console\\Application->doRun(Object(Symfony\\Component\\Console\\Input\\ArgvInput), Object(Symfony\\Component\\Console\\Output\\ConsoleOutput))
#12 /home/elder/Apps/audio_app/vendor/laravel/framework/src/Illuminate/Foundation/Console/Kernel.php(197): Symfony\\Component\\Console\\Application->run(Object(Symfony\\Component\\Console\\Input\\ArgvInput), Object(Symfony\\Component\\Console\\Output\\ConsoleOutput))
#13 /home/elder/Apps/audio_app/vendor/laravel/framework/src/Illuminate/Foundation/Application.php(1234): Illuminate\\Foundation\\Console\\Kernel->handle(Object(Symfony\\Component\\Console\\Input\\ArgvInput), Object(Symfony\\Component\\Console\\Output\\ConsoleOutput))
#14 /home/elder/Apps/audio_app/artisan(16): Illuminate\\Foundation\\Application->handleCommand(Object(Symfony\\Component\\Console\\Input\\ArgvInput))
#15 {main}
"} 
[2025-07-01 09:55:14] local.INFO: Bunny.net API Request {"url":"https://storage.bunnycdn.com/tec-cathecism/"} 
[2025-07-01 09:55:15] local.INFO: Bunny.net API Response {"status":200,"file_count":18,"first_file":{"Guid":"809383d5-b2dd-45d7-8d8b-b44213c9d38a","StorageZoneName":"tec-cathecism","Path":"/tec-cathecism/","ObjectName":"Lords Day 10.mp3","Length":72292527,"LastChanged":"2025-06-29T23:46:34.113","ServerId":568,"ArrayNumber":2,"IsDirectory":false,"UserId":"c3be5f11-4228-469d-bf89-c4aba9b84ac9","ContentType":"","DateCreated":"2025-06-29T23:46:34.113","StorageZoneId":1097998,"Checksum":"9011864D3235BBF0635B18A2DDD3CAB02B6E4FBAE5C5FDF3AC939AC729A29A36","ReplicatedZones":"UK,LA"}} 
[2025-07-01 09:57:23] local.INFO: Bunny.net API Request {"url":"https://storage.bunnycdn.com/tec-cathecism/"} 
[2025-07-01 09:57:24] local.INFO: Bunny.net API Response {"status":200,"file_count":18,"first_file":{"Guid":"809383d5-b2dd-45d7-8d8b-b44213c9d38a","StorageZoneName":"tec-cathecism","Path":"/tec-cathecism/","ObjectName":"Lords Day 10.mp3","Length":72292527,"LastChanged":"2025-06-29T23:46:34.113","ServerId":568,"ArrayNumber":2,"IsDirectory":false,"UserId":"c3be5f11-4228-469d-bf89-c4aba9b84ac9","ContentType":"","DateCreated":"2025-06-29T23:46:34.113","StorageZoneId":1097998,"Checksum":"9011864D3235BBF0635B18A2DDD3CAB02B6E4FBAE5C5FDF3AC939AC729A29A36","ReplicatedZones":"UK,LA"}} 
[2025-07-01 10:10:16] local.ERROR: Cannot redeclare App\Http\Controllers\MusicPlayerController::downloadTrack() {"exception":"[object] (Symfony\\Component\\ErrorHandler\\Error\\FatalError(code: 0): Cannot redeclare App\\Http\\Controllers\\MusicPlayerController::downloadTrack() at /home/elder/Apps/audio_app/app/Http/Controllers/MusicPlayerController.php:180)
[stacktrace]
#0 {main}
"} 
[2025-07-01 10:10:40] local.ERROR: Cannot redeclare App\Http\Controllers\MusicPlayerController::downloadTrack() {"exception":"[object] (Symfony\\Component\\ErrorHandler\\Error\\FatalError(code: 0): Cannot redeclare App\\Http\\Controllers\\MusicPlayerController::downloadTrack() at /home/elder/Apps/audio_app/app/Http/Controllers/MusicPlayerController.php:180)
[stacktrace]
#0 {main}
"} 
[2025-07-01 10:10:53] local.ERROR: Cannot redeclare App\Http\Controllers\MusicPlayerController::downloadTrack() {"exception":"[object] (Symfony\\Component\\ErrorHandler\\Error\\FatalError(code: 0): Cannot redeclare App\\Http\\Controllers\\MusicPlayerController::downloadTrack() at /home/elder/Apps/audio_app/app/Http/Controllers/MusicPlayerController.php:180)
[stacktrace]
#0 {main}
"} 
[2025-07-01 10:11:25] local.ERROR: Cannot redeclare App\Http\Controllers\MusicPlayerController::downloadTrack() {"exception":"[object] (Symfony\\Component\\ErrorHandler\\Error\\FatalError(code: 0): Cannot redeclare App\\Http\\Controllers\\MusicPlayerController::downloadTrack() at /home/elder/Apps/audio_app/app/Http/Controllers/MusicPlayerController.php:180)
[stacktrace]
#0 {main}
"} 
[2025-07-01 10:14:19] local.INFO: Bunny.net API Request {"url":"https://storage.bunnycdn.com/tec-cathecism/"} 
[2025-07-01 10:14:20] local.INFO: Bunny.net API Response {"status":200,"file_count":18,"first_file":{"Guid":"809383d5-b2dd-45d7-8d8b-b44213c9d38a","StorageZoneName":"tec-cathecism","Path":"/tec-cathecism/","ObjectName":"Lords Day 10.mp3","Length":72292527,"LastChanged":"2025-06-29T23:46:34.113","ServerId":568,"ArrayNumber":2,"IsDirectory":false,"UserId":"c3be5f11-4228-469d-bf89-c4aba9b84ac9","ContentType":"","DateCreated":"2025-06-29T23:46:34.113","StorageZoneId":1097998,"Checksum":"9011864D3235BBF0635B18A2DDD3CAB02B6E4FBAE5C5FDF3AC939AC729A29A36","ReplicatedZones":"UK,LA"}} 
[2025-07-01 10:19:31] local.INFO: Bunny.net API Request {"url":"https://storage.bunnycdn.com/tec-cathecism/"} 
[2025-07-01 10:19:31] local.INFO: Bunny.net API Response {"status":200,"file_count":18,"first_file":{"Guid":"809383d5-b2dd-45d7-8d8b-b44213c9d38a","StorageZoneName":"tec-cathecism","Path":"/tec-cathecism/","ObjectName":"Lords Day 10.mp3","Length":72292527,"LastChanged":"2025-06-29T23:46:34.113","ServerId":568,"ArrayNumber":2,"IsDirectory":false,"UserId":"c3be5f11-4228-469d-bf89-c4aba9b84ac9","ContentType":"","DateCreated":"2025-06-29T23:46:34.113","StorageZoneId":1097998,"Checksum":"9011864D3235BBF0635B18A2DDD3CAB02B6E4FBAE5C5FDF3AC939AC729A29A36","ReplicatedZones":"UK,LA"}} 
[2025-07-01 10:37:38] local.INFO: Bunny.net API Request {"url":"https://storage.bunnycdn.com/tec-cathecism/"} 
[2025-07-01 10:37:39] local.INFO: Bunny.net API Response {"status":200,"file_count":18,"first_file":{"Guid":"809383d5-b2dd-45d7-8d8b-b44213c9d38a","StorageZoneName":"tec-cathecism","Path":"/tec-cathecism/","ObjectName":"Lords Day 10.mp3","Length":72292527,"LastChanged":"2025-06-29T23:46:34.113","ServerId":568,"ArrayNumber":2,"IsDirectory":false,"UserId":"c3be5f11-4228-469d-bf89-c4aba9b84ac9","ContentType":"","DateCreated":"2025-06-29T23:46:34.113","StorageZoneId":1097998,"Checksum":"9011864D3235BBF0635B18A2DDD3CAB02B6E4FBAE5C5FDF3AC939AC729A29A36","ReplicatedZones":"UK,LA"}} 
[2025-07-01 10:37:52] local.INFO: Bunny.net API Request {"url":"https://storage.bunnycdn.com/tec-cathecism/"} 
[2025-07-01 10:37:53] local.INFO: Bunny.net API Response {"status":200,"file_count":18,"first_file":{"Guid":"809383d5-b2dd-45d7-8d8b-b44213c9d38a","StorageZoneName":"tec-cathecism","Path":"/tec-cathecism/","ObjectName":"Lords Day 10.mp3","Length":72292527,"LastChanged":"2025-06-29T23:46:34.113","ServerId":568,"ArrayNumber":2,"IsDirectory":false,"UserId":"c3be5f11-4228-469d-bf89-c4aba9b84ac9","ContentType":"","DateCreated":"2025-06-29T23:46:34.113","StorageZoneId":1097998,"Checksum":"9011864D3235BBF0635B18A2DDD3CAB02B6E4FBAE5C5FDF3AC939AC729A29A36","ReplicatedZones":"UK,LA"}} 
[2025-07-01 10:42:53] local.INFO: Bunny.net API Request {"url":"https://storage.bunnycdn.com/tec-cathecism/"} 
[2025-07-01 10:42:54] local.INFO: Bunny.net API Response {"status":200,"file_count":18,"first_file":{"Guid":"809383d5-b2dd-45d7-8d8b-b44213c9d38a","StorageZoneName":"tec-cathecism","Path":"/tec-cathecism/","ObjectName":"Lords Day 10.mp3","Length":72292527,"LastChanged":"2025-06-29T23:46:34.113","ServerId":568,"ArrayNumber":2,"IsDirectory":false,"UserId":"c3be5f11-4228-469d-bf89-c4aba9b84ac9","ContentType":"","DateCreated":"2025-06-29T23:46:34.113","StorageZoneId":1097998,"Checksum":"9011864D3235BBF0635B18A2DDD3CAB02B6E4FBAE5C5FDF3AC939AC729A29A36","ReplicatedZones":"UK,LA"}} 
[2025-07-01 10:45:07] local.INFO: Bunny.net API Request {"url":"https://storage.bunnycdn.com/tec-cathecism/"} 
[2025-07-01 10:45:07] local.INFO: Bunny.net API Response {"status":200,"file_count":18,"first_file":{"Guid":"809383d5-b2dd-45d7-8d8b-b44213c9d38a","StorageZoneName":"tec-cathecism","Path":"/tec-cathecism/","ObjectName":"Lords Day 10.mp3","Length":72292527,"LastChanged":"2025-06-29T23:46:34.113","ServerId":568,"ArrayNumber":2,"IsDirectory":false,"UserId":"c3be5f11-4228-469d-bf89-c4aba9b84ac9","ContentType":"","DateCreated":"2025-06-29T23:46:34.113","StorageZoneId":1097998,"Checksum":"9011864D3235BBF0635B18A2DDD3CAB02B6E4FBAE5C5FDF3AC939AC729A29A36","ReplicatedZones":"UK,LA"}} 
[2025-07-01 10:53:39] local.INFO: Bunny.net API Request {"url":"https://storage.bunnycdn.com/tec-cathecism/"} 
[2025-07-01 10:53:40] local.INFO: Bunny.net API Response {"status":200,"file_count":18,"first_file":{"Guid":"809383d5-b2dd-45d7-8d8b-b44213c9d38a","StorageZoneName":"tec-cathecism","Path":"/tec-cathecism/","ObjectName":"Lords Day 10.mp3","Length":72292527,"LastChanged":"2025-06-29T23:46:34.113","ServerId":568,"ArrayNumber":2,"IsDirectory":false,"UserId":"c3be5f11-4228-469d-bf89-c4aba9b84ac9","ContentType":"","DateCreated":"2025-06-29T23:46:34.113","StorageZoneId":1097998,"Checksum":"9011864D3235BBF0635B18A2DDD3CAB02B6E4FBAE5C5FDF3AC939AC729A29A36","ReplicatedZones":"UK,LA"}} 
[2025-07-01 10:56:31] local.INFO: Bunny.net API Request {"url":"https://storage.bunnycdn.com/tec-cathecism/"} 
[2025-07-01 10:56:32] local.INFO: Bunny.net API Response {"status":200,"file_count":18,"first_file":{"Guid":"809383d5-b2dd-45d7-8d8b-b44213c9d38a","StorageZoneName":"tec-cathecism","Path":"/tec-cathecism/","ObjectName":"Lords Day 10.mp3","Length":72292527,"LastChanged":"2025-06-29T23:46:34.113","ServerId":568,"ArrayNumber":2,"IsDirectory":false,"UserId":"c3be5f11-4228-469d-bf89-c4aba9b84ac9","ContentType":"","DateCreated":"2025-06-29T23:46:34.113","StorageZoneId":1097998,"Checksum":"9011864D3235BBF0635B18A2DDD3CAB02B6E4FBAE5C5FDF3AC939AC729A29A36","ReplicatedZones":"UK,LA"}} 
[2025-07-01 10:56:39] local.INFO: Bunny.net API Request {"url":"https://storage.bunnycdn.com/tec-cathecism/"} 
[2025-07-01 10:56:39] local.INFO: Bunny.net API Response {"status":200,"file_count":18,"first_file":{"Guid":"809383d5-b2dd-45d7-8d8b-b44213c9d38a","StorageZoneName":"tec-cathecism","Path":"/tec-cathecism/","ObjectName":"Lords Day 10.mp3","Length":72292527,"LastChanged":"2025-06-29T23:46:34.113","ServerId":568,"ArrayNumber":2,"IsDirectory":false,"UserId":"c3be5f11-4228-469d-bf89-c4aba9b84ac9","ContentType":"","DateCreated":"2025-06-29T23:46:34.113","StorageZoneId":1097998,"Checksum":"9011864D3235BBF0635B18A2DDD3CAB02B6E4FBAE5C5FDF3AC939AC729A29A36","ReplicatedZones":"UK,LA"}} 
[2025-07-01 10:57:06] local.INFO: Bunny.net API Request {"url":"https://storage.bunnycdn.com/tec-cathecism/"} 
[2025-07-01 10:57:06] local.INFO: Bunny.net API Response {"status":200,"file_count":18,"first_file":{"Guid":"809383d5-b2dd-45d7-8d8b-b44213c9d38a","StorageZoneName":"tec-cathecism","Path":"/tec-cathecism/","ObjectName":"Lords Day 10.mp3","Length":72292527,"LastChanged":"2025-06-29T23:46:34.113","ServerId":568,"ArrayNumber":2,"IsDirectory":false,"UserId":"c3be5f11-4228-469d-bf89-c4aba9b84ac9","ContentType":"","DateCreated":"2025-06-29T23:46:34.113","StorageZoneId":1097998,"Checksum":"9011864D3235BBF0635B18A2DDD3CAB02B6E4FBAE5C5FDF3AC939AC729A29A36","ReplicatedZones":"UK,LA"}} 
[2025-07-01 11:01:06] local.INFO: Bunny.net API Request {"url":"https://storage.bunnycdn.com/tec-cathecism/"} 
[2025-07-01 11:01:06] local.INFO: Bunny.net API Response {"status":200,"file_count":18,"first_file":{"Guid":"809383d5-b2dd-45d7-8d8b-b44213c9d38a","StorageZoneName":"tec-cathecism","Path":"/tec-cathecism/","ObjectName":"Lords Day 10.mp3","Length":72292527,"LastChanged":"2025-06-29T23:46:34.113","ServerId":568,"ArrayNumber":2,"IsDirectory":false,"UserId":"c3be5f11-4228-469d-bf89-c4aba9b84ac9","ContentType":"","DateCreated":"2025-06-29T23:46:34.113","StorageZoneId":1097998,"Checksum":"9011864D3235BBF0635B18A2DDD3CAB02B6E4FBAE5C5FDF3AC939AC729A29A36","ReplicatedZones":"UK,LA"}} 
[2025-07-01 11:01:15] local.INFO: Bunny.net API Request {"url":"https://storage.bunnycdn.com/tec-cathecism/"} 
[2025-07-01 11:01:15] local.INFO: Bunny.net API Response {"status":200,"file_count":18,"first_file":{"Guid":"809383d5-b2dd-45d7-8d8b-b44213c9d38a","StorageZoneName":"tec-cathecism","Path":"/tec-cathecism/","ObjectName":"Lords Day 10.mp3","Length":72292527,"LastChanged":"2025-06-29T23:46:34.113","ServerId":568,"ArrayNumber":2,"IsDirectory":false,"UserId":"c3be5f11-4228-469d-bf89-c4aba9b84ac9","ContentType":"","DateCreated":"2025-06-29T23:46:34.113","StorageZoneId":1097998,"Checksum":"9011864D3235BBF0635B18A2DDD3CAB02B6E4FBAE5C5FDF3AC939AC729A29A36","ReplicatedZones":"UK,LA"}} 
[2025-07-01 11:07:13] local.INFO: Bunny.net API Request {"url":"https://storage.bunnycdn.com/tec-cathecism/"} 
[2025-07-01 11:07:14] local.INFO: Bunny.net API Response {"status":200,"file_count":18,"first_file":{"Guid":"809383d5-b2dd-45d7-8d8b-b44213c9d38a","StorageZoneName":"tec-cathecism","Path":"/tec-cathecism/","ObjectName":"Lords Day 10.mp3","Length":72292527,"LastChanged":"2025-06-29T23:46:34.113","ServerId":568,"ArrayNumber":2,"IsDirectory":false,"UserId":"c3be5f11-4228-469d-bf89-c4aba9b84ac9","ContentType":"","DateCreated":"2025-06-29T23:46:34.113","StorageZoneId":1097998,"Checksum":"9011864D3235BBF0635B18A2DDD3CAB02B6E4FBAE5C5FDF3AC939AC729A29A36","ReplicatedZones":"UK,LA"}} 
[2025-07-01 11:34:21] local.INFO: Bunny.net API Request {"url":"https://storage.bunnycdn.com/tec-cathecism/"} 
[2025-07-01 11:34:22] local.INFO: Bunny.net API Response {"status":200,"file_count":19,"first_file":{"Guid":"aad07a08-aef7-44e0-8ec4-d97e15738c99","StorageZoneName":"tec-cathecism","Path":"/tec-cathecism/","ObjectName":"Learning from the Corinthians - Part 15.mp3","Length":67824766,"LastChanged":"2025-07-01T11:31:07.223","ServerId":574,"ArrayNumber":2,"IsDirectory":false,"UserId":"c3be5f11-4228-469d-bf89-c4aba9b84ac9","ContentType":"","DateCreated":"2025-07-01T11:31:07.223","StorageZoneId":1097998,"Checksum":"845DE54C2359429EF65CA8FD020E7173A4C01F0E4D5E6CCFB5BA77993775E7D2","ReplicatedZones":"UK,LA"}} 
[2025-07-01 11:44:43] local.INFO: Bunny.net API Request {"url":"https://storage.bunnycdn.com/tec-cathecism/"} 
[2025-07-01 11:44:43] local.INFO: Bunny.net API Response {"status":200,"file_count":19,"first_file":{"Guid":"aad07a08-aef7-44e0-8ec4-d97e15738c99","StorageZoneName":"tec-cathecism","Path":"/tec-cathecism/","ObjectName":"Learning from the Corinthians - Part 15.mp3","Length":67824766,"LastChanged":"2025-07-01T11:31:07.223","ServerId":574,"ArrayNumber":2,"IsDirectory":false,"UserId":"c3be5f11-4228-469d-bf89-c4aba9b84ac9","ContentType":"","DateCreated":"2025-07-01T11:31:07.223","StorageZoneId":1097998,"Checksum":"845DE54C2359429EF65CA8FD020E7173A4C01F0E4D5E6CCFB5BA77993775E7D2","ReplicatedZones":"UK,LA"}} 
[2025-07-01 11:49:20] local.INFO: Bunny.net API Request {"url":"https://storage.bunnycdn.com/tec-cathecism/"} 
[2025-07-01 11:49:21] local.INFO: Bunny.net API Response {"status":200,"file_count":19,"first_file":{"Guid":"aad07a08-aef7-44e0-8ec4-d97e15738c99","StorageZoneName":"tec-cathecism","Path":"/tec-cathecism/","ObjectName":"Learning from the Corinthians - Part 15.mp3","Length":67824766,"LastChanged":"2025-07-01T11:31:07.223","ServerId":574,"ArrayNumber":2,"IsDirectory":false,"UserId":"c3be5f11-4228-469d-bf89-c4aba9b84ac9","ContentType":"","DateCreated":"2025-07-01T11:31:07.223","StorageZoneId":1097998,"Checksum":"845DE54C2359429EF65CA8FD020E7173A4C01F0E4D5E6CCFB5BA77993775E7D2","ReplicatedZones":"UK,LA"}} 
[2025-07-01 11:53:26] local.INFO: Bunny.net API Request {"url":"https://storage.bunnycdn.com/tec-cathecism/"} 
[2025-07-01 11:53:26] local.INFO: Bunny.net API Response {"status":200,"file_count":19,"first_file":{"Guid":"aad07a08-aef7-44e0-8ec4-d97e15738c99","StorageZoneName":"tec-cathecism","Path":"/tec-cathecism/","ObjectName":"Learning from the Corinthians - Part 15.mp3","Length":67824766,"LastChanged":"2025-07-01T11:31:07.223","ServerId":574,"ArrayNumber":2,"IsDirectory":false,"UserId":"c3be5f11-4228-469d-bf89-c4aba9b84ac9","ContentType":"","DateCreated":"2025-07-01T11:31:07.223","StorageZoneId":1097998,"Checksum":"845DE54C2359429EF65CA8FD020E7173A4C01F0E4D5E6CCFB5BA77993775E7D2","ReplicatedZones":"UK,LA"}} 
[2025-07-01 13:17:41] local.INFO: Bunny.net API Request {"url":"https://storage.bunnycdn.com/tec-cathecism/"} 
[2025-07-01 13:17:42] local.INFO: Bunny.net API Response {"status":200,"file_count":1,"first_file":{"Guid":"5239c449-2692-43e4-be48-cc1478f09ea1","StorageZoneName":"tec-cathecism","Path":"/tec-cathecism/","ObjectName":"Lords Day 2.mp3","Length":58176559,"LastChanged":"2025-07-01T13:14:38.754","ServerId":1110,"ArrayNumber":2,"IsDirectory":false,"UserId":"c3be5f11-4228-469d-bf89-c4aba9b84ac9","ContentType":"","DateCreated":"2025-07-01T13:14:38.754","StorageZoneId":1097998,"Checksum":"1ACCFEA3747CE6A458F0F8E9F40B4171DAEACDA887F0712B9D5ED6AB0A689A7C","ReplicatedZones":"UK,LA"}} 
[2025-07-01 13:17:43] local.ERROR: Track sync error {"file":"Lords Day 2.mp3","error":"Undefined array key \"date\""} 
[2025-07-01 13:18:01] local.INFO: Bunny.net API Request {"url":"https://storage.bunnycdn.com/tec-cathecism/"} 
[2025-07-01 13:18:01] local.INFO: Bunny.net API Response {"status":200,"file_count":1,"first_file":{"Guid":"5239c449-2692-43e4-be48-cc1478f09ea1","StorageZoneName":"tec-cathecism","Path":"/tec-cathecism/","ObjectName":"Lords Day 2.mp3","Length":58176559,"LastChanged":"2025-07-01T13:14:38.754","ServerId":1110,"ArrayNumber":2,"IsDirectory":false,"UserId":"c3be5f11-4228-469d-bf89-c4aba9b84ac9","ContentType":"","DateCreated":"2025-07-01T13:14:38.754","StorageZoneId":1097998,"Checksum":"1ACCFEA3747CE6A458F0F8E9F40B4171DAEACDA887F0712B9D5ED6AB0A689A7C","ReplicatedZones":"UK,LA"}} 
[2025-07-01 13:18:03] local.ERROR: Track sync error {"file":"Lords Day 2.mp3","error":"Undefined array key \"date\""} 
[2025-07-01 13:26:04] local.INFO: Bunny.net API Request {"url":"https://storage.bunnycdn.com/tec-cathecism/"} 
[2025-07-01 13:26:05] local.INFO: Bunny.net API Response {"status":200,"file_count":2,"first_file":{"Guid":"5239c449-2692-43e4-be48-cc1478f09ea1","StorageZoneName":"tec-cathecism","Path":"/tec-cathecism/","ObjectName":"Lords Day 2.mp3","Length":58176559,"LastChanged":"2025-07-01T13:14:38.754","ServerId":1110,"ArrayNumber":2,"IsDirectory":false,"UserId":"c3be5f11-4228-469d-bf89-c4aba9b84ac9","ContentType":"","DateCreated":"2025-07-01T13:14:38.754","StorageZoneId":1097998,"Checksum":"1ACCFEA3747CE6A458F0F8E9F40B4171DAEACDA887F0712B9D5ED6AB0A689A7C","ReplicatedZones":"UK,LA"}} 
[2025-07-01 13:26:06] local.ERROR: Track sync error {"file":"Lords Day 2.mp3","error":"Undefined array key \"date\""} 
[2025-07-01 13:26:08] local.ERROR: Track sync error {"file":"Lords Day 3.mp3","error":"Undefined array key \"date\""} 
[2025-07-01 13:27:31] local.INFO: Bunny.net API Request {"url":"https://storage.bunnycdn.com/tec-cathecism/"} 
[2025-07-01 13:27:31] local.INFO: Bunny.net API Response {"status":200,"file_count":2,"first_file":{"Guid":"5239c449-2692-43e4-be48-cc1478f09ea1","StorageZoneName":"tec-cathecism","Path":"/tec-cathecism/","ObjectName":"Lords Day 2.mp3","Length":58176559,"LastChanged":"2025-07-01T13:14:38.754","ServerId":1110,"ArrayNumber":2,"IsDirectory":false,"UserId":"c3be5f11-4228-469d-bf89-c4aba9b84ac9","ContentType":"","DateCreated":"2025-07-01T13:14:38.754","StorageZoneId":1097998,"Checksum":"1ACCFEA3747CE6A458F0F8E9F40B4171DAEACDA887F0712B9D5ED6AB0A689A7C","ReplicatedZones":"UK,LA"}} 
[2025-07-01 13:29:49] local.INFO: Bunny.net API Request {"url":"https://storage.bunnycdn.com/tec-cathecism/"} 
[2025-07-01 13:29:50] local.INFO: Bunny.net API Response {"status":200,"file_count":2,"first_file":{"Guid":"5239c449-2692-43e4-be48-cc1478f09ea1","StorageZoneName":"tec-cathecism","Path":"/tec-cathecism/","ObjectName":"Lords Day 2.mp3","Length":58176559,"LastChanged":"2025-07-01T13:14:38.754","ServerId":1110,"ArrayNumber":2,"IsDirectory":false,"UserId":"c3be5f11-4228-469d-bf89-c4aba9b84ac9","ContentType":"","DateCreated":"2025-07-01T13:14:38.754","StorageZoneId":1097998,"Checksum":"1ACCFEA3747CE6A458F0F8E9F40B4171DAEACDA887F0712B9D5ED6AB0A689A7C","ReplicatedZones":"UK,LA"}} 
[2025-07-01 13:31:44] local.INFO: Bunny.net API Request {"url":"https://storage.bunnycdn.com/tec-cathecism/"} 
[2025-07-01 13:31:44] local.INFO: Bunny.net API Response {"status":200,"file_count":2,"first_file":{"Guid":"5239c449-2692-43e4-be48-cc1478f09ea1","StorageZoneName":"tec-cathecism","Path":"/tec-cathecism/","ObjectName":"Lords Day 2.mp3","Length":58176559,"LastChanged":"2025-07-01T13:14:38.754","ServerId":1110,"ArrayNumber":2,"IsDirectory":false,"UserId":"c3be5f11-4228-469d-bf89-c4aba9b84ac9","ContentType":"","DateCreated":"2025-07-01T13:14:38.754","StorageZoneId":1097998,"Checksum":"1ACCFEA3747CE6A458F0F8E9F40B4171DAEACDA887F0712B9D5ED6AB0A689A7C","ReplicatedZones":"UK,LA"}} 
[2025-07-01 13:31:51] local.ERROR: Track sync error {"file":"Lords Day 2.mp3","error":"Undefined array key \"date\""} 
[2025-07-01 13:31:53] local.ERROR: Track sync error {"file":"Lords Day 3.mp3","error":"Undefined array key \"date\""} 
[2025-07-01 13:32:25] local.INFO: Bunny.net API Request {"url":"https://storage.bunnycdn.com/tec-cathecism/"} 
[2025-07-01 13:32:25] local.INFO: Bunny.net API Response {"status":200,"file_count":2,"first_file":{"Guid":"5239c449-2692-43e4-be48-cc1478f09ea1","StorageZoneName":"tec-cathecism","Path":"/tec-cathecism/","ObjectName":"Lords Day 2.mp3","Length":58176559,"LastChanged":"2025-07-01T13:14:38.754","ServerId":1110,"ArrayNumber":2,"IsDirectory":false,"UserId":"c3be5f11-4228-469d-bf89-c4aba9b84ac9","ContentType":"","DateCreated":"2025-07-01T13:14:38.754","StorageZoneId":1097998,"Checksum":"1ACCFEA3747CE6A458F0F8E9F40B4171DAEACDA887F0712B9D5ED6AB0A689A7C","ReplicatedZones":"UK,LA"}} 
[2025-07-01 13:32:27] local.ERROR: Track sync error {"file":"Lords Day 2.mp3","error":"Undefined array key \"date\""} 
[2025-07-01 13:32:29] local.ERROR: Track sync error {"file":"Lords Day 3.mp3","error":"Undefined array key \"date\""} 
[2025-07-01 13:32:41] local.INFO: Bunny.net API Request {"url":"https://storage.bunnycdn.com/tec-cathecism/"} 
[2025-07-01 13:32:41] local.INFO: Bunny.net API Response {"status":200,"file_count":2,"first_file":{"Guid":"5239c449-2692-43e4-be48-cc1478f09ea1","StorageZoneName":"tec-cathecism","Path":"/tec-cathecism/","ObjectName":"Lords Day 2.mp3","Length":58176559,"LastChanged":"2025-07-01T13:14:38.754","ServerId":1110,"ArrayNumber":2,"IsDirectory":false,"UserId":"c3be5f11-4228-469d-bf89-c4aba9b84ac9","ContentType":"","DateCreated":"2025-07-01T13:14:38.754","StorageZoneId":1097998,"Checksum":"1ACCFEA3747CE6A458F0F8E9F40B4171DAEACDA887F0712B9D5ED6AB0A689A7C","ReplicatedZones":"UK,LA"}} 
[2025-07-01 13:32:42] local.ERROR: Track sync error {"file":"Lords Day 2.mp3","error":"Undefined array key \"date\""} 
[2025-07-01 13:32:44] local.ERROR: Track sync error {"file":"Lords Day 3.mp3","error":"Undefined array key \"date\""} 
[2025-07-01 13:35:12] local.INFO: Bunny.net API Request {"url":"https://storage.bunnycdn.com/tec-cathecism/"} 
[2025-07-01 13:35:12] local.INFO: Bunny.net API Response {"status":200,"file_count":2,"first_file":{"Guid":"5239c449-2692-43e4-be48-cc1478f09ea1","StorageZoneName":"tec-cathecism","Path":"/tec-cathecism/","ObjectName":"Lords Day 2.mp3","Length":58176559,"LastChanged":"2025-07-01T13:14:38.754","ServerId":1110,"ArrayNumber":2,"IsDirectory":false,"UserId":"c3be5f11-4228-469d-bf89-c4aba9b84ac9","ContentType":"","DateCreated":"2025-07-01T13:14:38.754","StorageZoneId":1097998,"Checksum":"1ACCFEA3747CE6A458F0F8E9F40B4171DAEACDA887F0712B9D5ED6AB0A689A7C","ReplicatedZones":"UK,LA"}} 
[2025-07-01 13:37:05] local.INFO: Bunny.net API Request {"url":"https://storage.bunnycdn.com/tec-cathecism/"} 
[2025-07-01 13:37:06] local.INFO: Bunny.net API Response {"status":200,"file_count":2,"first_file":{"Guid":"5239c449-2692-43e4-be48-cc1478f09ea1","StorageZoneName":"tec-cathecism","Path":"/tec-cathecism/","ObjectName":"Lords Day 2.mp3","Length":58176559,"LastChanged":"2025-07-01T13:14:38.754","ServerId":1110,"ArrayNumber":2,"IsDirectory":false,"UserId":"c3be5f11-4228-469d-bf89-c4aba9b84ac9","ContentType":"","DateCreated":"2025-07-01T13:14:38.754","StorageZoneId":1097998,"Checksum":"1ACCFEA3747CE6A458F0F8E9F40B4171DAEACDA887F0712B9D5ED6AB0A689A7C","ReplicatedZones":"UK,LA"}} 
[2025-07-01 13:42:45] local.INFO: Bunny.net API Request {"url":"https://storage.bunnycdn.com/tec-cathecism/"} 
[2025-07-01 13:42:46] local.INFO: Bunny.net API Response {"status":200,"file_count":2,"first_file":{"Guid":"5239c449-2692-43e4-be48-cc1478f09ea1","StorageZoneName":"tec-cathecism","Path":"/tec-cathecism/","ObjectName":"Lords Day 2.mp3","Length":58176559,"LastChanged":"2025-07-01T13:14:38.754","ServerId":1110,"ArrayNumber":2,"IsDirectory":false,"UserId":"c3be5f11-4228-469d-bf89-c4aba9b84ac9","ContentType":"","DateCreated":"2025-07-01T13:14:38.754","StorageZoneId":1097998,"Checksum":"1ACCFEA3747CE6A458F0F8E9F40B4171DAEACDA887F0712B9D5ED6AB0A689A7C","ReplicatedZones":"UK,LA"}} 
[2025-07-01 13:44:46] local.INFO: Bunny.net API Request {"url":"https://storage.bunnycdn.com/tec-cathecism/"} 
[2025-07-01 13:44:46] local.INFO: Bunny.net API Response {"status":200,"file_count":2,"first_file":{"Guid":"5239c449-2692-43e4-be48-cc1478f09ea1","StorageZoneName":"tec-cathecism","Path":"/tec-cathecism/","ObjectName":"Lords Day 2.mp3","Length":58176559,"LastChanged":"2025-07-01T13:14:38.754","ServerId":1110,"ArrayNumber":2,"IsDirectory":false,"UserId":"c3be5f11-4228-469d-bf89-c4aba9b84ac9","ContentType":"","DateCreated":"2025-07-01T13:14:38.754","StorageZoneId":1097998,"Checksum":"1ACCFEA3747CE6A458F0F8E9F40B4171DAEACDA887F0712B9D5ED6AB0A689A7C","ReplicatedZones":"UK,LA"}} 
[2025-07-01 13:44:48] local.ERROR: Track sync error {"file":"Lords Day 2.mp3","error":"Undefined array key \"date\""} 
[2025-07-01 13:44:56] local.ERROR: Track sync error {"file":"Lords Day 3.mp3","error":"Undefined array key \"date\""} 
[2025-07-01 13:44:56] local.INFO: Deactivated missing track {"file":"Lords Day 10.mp3"} 
[2025-07-01 13:44:56] local.INFO: Deactivated missing track {"file":"Lords Day 11.mp3"} 
[2025-07-01 13:44:56] local.INFO: Deactivated missing track {"file":"Lords Day 12.mp3"} 
[2025-07-01 13:44:56] local.INFO: Deactivated missing track {"file":"Lords Day 13.mp3"} 
[2025-07-01 13:44:56] local.INFO: Deactivated missing track {"file":"Lords Day 14.mp3"} 
[2025-07-01 13:44:56] local.INFO: Deactivated missing track {"file":"Lords Day 15.mp3"} 
[2025-07-01 13:44:56] local.INFO: Deactivated missing track {"file":"Lords Day 17.mp3"} 
[2025-07-01 13:44:56] local.INFO: Deactivated missing track {"file":"Lords Day 18.mp3"} 
[2025-07-01 13:44:56] local.INFO: Deactivated missing track {"file":"Lords Day 21.mp3"} 
[2025-07-01 13:44:56] local.INFO: Deactivated missing track {"file":"Lords Day 22.mp3"} 
[2025-07-01 13:44:56] local.INFO: Deactivated missing track {"file":"Lords Day 23.mp3"} 
[2025-07-01 13:44:56] local.INFO: Deactivated missing track {"file":"Lords Day 24.mp3"} 
[2025-07-01 13:44:56] local.INFO: Deactivated missing track {"file":"Lords Day 25.mp3"} 
[2025-07-01 13:44:56] local.INFO: Deactivated missing track {"file":"Lords Day 5.mp3"} 
[2025-07-01 13:44:56] local.INFO: Deactivated missing track {"file":"Lords Day 7.mp3"} 
[2025-07-01 13:44:56] local.INFO: Deactivated missing track {"file":"Lords Day 8.mp3"} 
[2025-07-01 13:44:56] local.INFO: Deactivated missing track {"file":"Learning from the Corinthians - Part 15.mp3"} 
[2025-07-01 13:48:09] local.INFO: Bunny.net API Request {"url":"https://storage.bunnycdn.com/tec-cathecism/"} 
[2025-07-01 13:48:09] local.INFO: Bunny.net API Response {"status":200,"file_count":0,"first_file":null} 
[2025-07-01 13:48:09] local.INFO: Deactivated missing track {"file":"Lords Day 2.mp3"} 
[2025-07-01 13:48:09] local.INFO: Deactivated missing track {"file":"Lords Day 3.mp3"} 
[2025-07-01 13:50:40] local.INFO: Bunny.net API Request {"url":"https://storage.bunnycdn.com/tec-cathecism/"} 
[2025-07-01 13:50:40] local.INFO: Bunny.net API Response {"status":200,"file_count":1,"first_file":{"Guid":"3f7be092-04b1-42a2-93ad-98435afa1425","StorageZoneName":"tec-cathecism","Path":"/tec-cathecism/","ObjectName":"Lords Day 2.mp3","Length":58191872,"LastChanged":"2025-07-01T13:48:01.807","ServerId":997,"ArrayNumber":0,"IsDirectory":false,"UserId":"c3be5f11-4228-469d-bf89-c4aba9b84ac9","ContentType":"","DateCreated":"2025-07-01T13:48:01.807","StorageZoneId":1097998,"Checksum":"3D7539692891964E4D2D7244C8BCA2DF2C8BB056BA020636B92BC752011321AD","ReplicatedZones":"UK,LA"}} 
[2025-07-01 13:50:42] local.ERROR: Track sync error {"file":"Lords Day 2.mp3","error":"Undefined array key \"date\""} 
[2025-07-01 13:50:48] local.INFO: Bunny.net API Request {"url":"https://storage.bunnycdn.com/tec-cathecism/"} 
[2025-07-01 13:50:48] local.INFO: Bunny.net API Response {"status":200,"file_count":1,"first_file":{"Guid":"3f7be092-04b1-42a2-93ad-98435afa1425","StorageZoneName":"tec-cathecism","Path":"/tec-cathecism/","ObjectName":"Lords Day 2.mp3","Length":58191872,"LastChanged":"2025-07-01T13:48:01.807","ServerId":997,"ArrayNumber":0,"IsDirectory":false,"UserId":"c3be5f11-4228-469d-bf89-c4aba9b84ac9","ContentType":"","DateCreated":"2025-07-01T13:48:01.807","StorageZoneId":1097998,"Checksum":"3D7539692891964E4D2D7244C8BCA2DF2C8BB056BA020636B92BC752011321AD","ReplicatedZones":"UK,LA"}} 
[2025-07-01 13:50:50] local.ERROR: Track sync error {"file":"Lords Day 2.mp3","error":"Undefined array key \"date\""} 
[2025-07-01 13:51:22] local.INFO: Bunny.net API Request {"url":"https://storage.bunnycdn.com/tec-cathecism/"} 
[2025-07-01 13:51:24] local.INFO: Bunny.net API Response {"status":200,"file_count":1,"first_file":{"Guid":"3f7be092-04b1-42a2-93ad-98435afa1425","StorageZoneName":"tec-cathecism","Path":"/tec-cathecism/","ObjectName":"Lords Day 2.mp3","Length":58191872,"LastChanged":"2025-07-01T13:48:01.807","ServerId":997,"ArrayNumber":0,"IsDirectory":false,"UserId":"c3be5f11-4228-469d-bf89-c4aba9b84ac9","ContentType":"","DateCreated":"2025-07-01T13:48:01.807","StorageZoneId":1097998,"Checksum":"3D7539692891964E4D2D7244C8BCA2DF2C8BB056BA020636B92BC752011321AD","ReplicatedZones":"UK,LA"}} 
[2025-07-01 13:51:25] local.ERROR: Track sync error {"file":"Lords Day 2.mp3","error":"Undefined array key \"date\""} 
[2025-07-01 13:51:31] local.INFO: Bunny.net API Request {"url":"https://storage.bunnycdn.com/tec-cathecism/"} 
[2025-07-01 13:51:31] local.INFO: Bunny.net API Response {"status":200,"file_count":1,"first_file":{"Guid":"3f7be092-04b1-42a2-93ad-98435afa1425","StorageZoneName":"tec-cathecism","Path":"/tec-cathecism/","ObjectName":"Lords Day 2.mp3","Length":58191872,"LastChanged":"2025-07-01T13:48:01.807","ServerId":997,"ArrayNumber":0,"IsDirectory":false,"UserId":"c3be5f11-4228-469d-bf89-c4aba9b84ac9","ContentType":"","DateCreated":"2025-07-01T13:48:01.807","StorageZoneId":1097998,"Checksum":"3D7539692891964E4D2D7244C8BCA2DF2C8BB056BA020636B92BC752011321AD","ReplicatedZones":"UK,LA"}} 
[2025-07-01 13:51:33] local.ERROR: Track sync error {"file":"Lords Day 2.mp3","error":"Undefined array key \"date\""} 
[2025-07-01 13:53:16] local.INFO: Bunny.net API Request {"url":"https://storage.bunnycdn.com/tec-cathecism/"} 
[2025-07-01 13:53:16] local.INFO: Bunny.net API Response {"status":200,"file_count":2,"first_file":{"Guid":"3f7be092-04b1-42a2-93ad-98435afa1425","StorageZoneName":"tec-cathecism","Path":"/tec-cathecism/","ObjectName":"Lords Day 2.mp3","Length":58191872,"LastChanged":"2025-07-01T13:48:01.807","ServerId":997,"ArrayNumber":0,"IsDirectory":false,"UserId":"c3be5f11-4228-469d-bf89-c4aba9b84ac9","ContentType":"","DateCreated":"2025-07-01T13:48:01.807","StorageZoneId":1097998,"Checksum":"3D7539692891964E4D2D7244C8BCA2DF2C8BB056BA020636B92BC752011321AD","ReplicatedZones":"UK,LA"}} 
[2025-07-01 13:56:28] local.INFO: Bunny.net API Request {"url":"https://storage.bunnycdn.com/tec-cathecism/"} 
[2025-07-01 13:56:29] local.INFO: Bunny.net API Response {"status":200,"file_count":3,"first_file":{"Guid":"3f7be092-04b1-42a2-93ad-98435afa1425","StorageZoneName":"tec-cathecism","Path":"/tec-cathecism/","ObjectName":"Lords Day 2.mp3","Length":58191872,"LastChanged":"2025-07-01T13:48:01.807","ServerId":997,"ArrayNumber":0,"IsDirectory":false,"UserId":"c3be5f11-4228-469d-bf89-c4aba9b84ac9","ContentType":"","DateCreated":"2025-07-01T13:48:01.807","StorageZoneId":1097998,"Checksum":"3D7539692891964E4D2D7244C8BCA2DF2C8BB056BA020636B92BC752011321AD","ReplicatedZones":"UK,LA"}} 
[2025-07-01 13:56:30] local.ERROR: Track sync error {"file":"Lords Day 2.mp3","error":"Undefined array key \"date\""} 
[2025-07-01 13:56:32] local.ERROR: Track sync error {"file":"Lords Day 3.mp3","error":"Undefined array key \"date\""} 
[2025-07-01 13:56:33] local.ERROR: Track sync error {"file":"Lords Day 5.mp3","error":"Undefined array key \"date\""} 
[2025-07-01 13:56:33] local.INFO: Deactivated missing track {"file":"Lords Day 10.mp3"} 
[2025-07-01 13:57:21] local.INFO: Bunny.net API Request {"url":"https://storage.bunnycdn.com/tec-cathecism/"} 
[2025-07-01 13:57:21] local.INFO: Bunny.net API Response {"status":200,"file_count":3,"first_file":{"Guid":"3f7be092-04b1-42a2-93ad-98435afa1425","StorageZoneName":"tec-cathecism","Path":"/tec-cathecism/","ObjectName":"Lords Day 2.mp3","Length":58191872,"LastChanged":"2025-07-01T13:48:01.807","ServerId":997,"ArrayNumber":0,"IsDirectory":false,"UserId":"c3be5f11-4228-469d-bf89-c4aba9b84ac9","ContentType":"","DateCreated":"2025-07-01T13:48:01.807","StorageZoneId":1097998,"Checksum":"3D7539692891964E4D2D7244C8BCA2DF2C8BB056BA020636B92BC752011321AD","ReplicatedZones":"UK,LA"}} 
[2025-07-01 13:57:23] local.ERROR: Track sync error {"file":"Lords Day 2.mp3","error":"Undefined array key \"date\""} 
[2025-07-01 13:57:24] local.ERROR: Track sync error {"file":"Lords Day 3.mp3","error":"Undefined array key \"date\""} 
[2025-07-01 13:57:25] local.ERROR: Track sync error {"file":"Lords Day 5.mp3","error":"Undefined array key \"date\""} 
[2025-07-01 13:57:34] local.INFO: Bunny.net API Request {"url":"https://storage.bunnycdn.com/tec-cathecism/"} 
[2025-07-01 13:57:34] local.INFO: Bunny.net API Response {"status":200,"file_count":3,"first_file":{"Guid":"3f7be092-04b1-42a2-93ad-98435afa1425","StorageZoneName":"tec-cathecism","Path":"/tec-cathecism/","ObjectName":"Lords Day 2.mp3","Length":58191872,"LastChanged":"2025-07-01T13:48:01.807","ServerId":997,"ArrayNumber":0,"IsDirectory":false,"UserId":"c3be5f11-4228-469d-bf89-c4aba9b84ac9","ContentType":"","DateCreated":"2025-07-01T13:48:01.807","StorageZoneId":1097998,"Checksum":"3D7539692891964E4D2D7244C8BCA2DF2C8BB056BA020636B92BC752011321AD","ReplicatedZones":"UK,LA"}} 
[2025-07-01 13:57:35] local.ERROR: Track sync error {"file":"Lords Day 2.mp3","error":"Undefined array key \"date\""} 
[2025-07-01 13:57:36] local.ERROR: Track sync error {"file":"Lords Day 3.mp3","error":"Undefined array key \"date\""} 
[2025-07-01 13:57:38] local.ERROR: Track sync error {"file":"Lords Day 5.mp3","error":"Undefined array key \"date\""} 
[2025-07-01 13:58:02] local.INFO: Bunny.net API Request {"url":"https://storage.bunnycdn.com/tec-cathecism/"} 
[2025-07-01 13:58:03] local.INFO: Bunny.net API Response {"status":200,"file_count":3,"first_file":{"Guid":"3f7be092-04b1-42a2-93ad-98435afa1425","StorageZoneName":"tec-cathecism","Path":"/tec-cathecism/","ObjectName":"Lords Day 2.mp3","Length":58191872,"LastChanged":"2025-07-01T13:48:01.807","ServerId":997,"ArrayNumber":0,"IsDirectory":false,"UserId":"c3be5f11-4228-469d-bf89-c4aba9b84ac9","ContentType":"","DateCreated":"2025-07-01T13:48:01.807","StorageZoneId":1097998,"Checksum":"3D7539692891964E4D2D7244C8BCA2DF2C8BB056BA020636B92BC752011321AD","ReplicatedZones":"UK,LA"}} 
[2025-07-01 13:58:04] local.ERROR: Track sync error {"file":"Lords Day 2.mp3","error":"Undefined array key \"date\""} 
[2025-07-01 13:58:06] local.ERROR: Track sync error {"file":"Lords Day 3.mp3","error":"Undefined array key \"date\""} 
[2025-07-01 13:58:07] local.ERROR: Track sync error {"file":"Lords Day 5.mp3","error":"Undefined array key \"date\""} 
[2025-07-01 13:58:55] local.INFO: Bunny.net API Request {"url":"https://storage.bunnycdn.com/tec-cathecism/"} 
[2025-07-01 13:58:55] local.INFO: Bunny.net API Response {"status":200,"file_count":3,"first_file":{"Guid":"3f7be092-04b1-42a2-93ad-98435afa1425","StorageZoneName":"tec-cathecism","Path":"/tec-cathecism/","ObjectName":"Lords Day 2.mp3","Length":58191872,"LastChanged":"2025-07-01T13:48:01.807","ServerId":997,"ArrayNumber":0,"IsDirectory":false,"UserId":"c3be5f11-4228-469d-bf89-c4aba9b84ac9","ContentType":"","DateCreated":"2025-07-01T13:48:01.807","StorageZoneId":1097998,"Checksum":"3D7539692891964E4D2D7244C8BCA2DF2C8BB056BA020636B92BC752011321AD","ReplicatedZones":"UK,LA"}} 
[2025-07-01 13:58:57] local.ERROR: Track sync error {"file":"Lords Day 2.mp3","error":"Undefined array key \"date\""} 
[2025-07-01 13:58:59] local.ERROR: Track sync error {"file":"Lords Day 3.mp3","error":"Undefined array key \"date\""} 
[2025-07-01 13:59:00] local.ERROR: Track sync error {"file":"Lords Day 5.mp3","error":"Undefined array key \"date\""} 
[2025-07-01 13:59:05] local.INFO: Bunny.net API Request {"url":"https://storage.bunnycdn.com/tec-cathecism/"} 
[2025-07-01 13:59:06] local.INFO: Bunny.net API Response {"status":200,"file_count":3,"first_file":{"Guid":"3f7be092-04b1-42a2-93ad-98435afa1425","StorageZoneName":"tec-cathecism","Path":"/tec-cathecism/","ObjectName":"Lords Day 2.mp3","Length":58191872,"LastChanged":"2025-07-01T13:48:01.807","ServerId":997,"ArrayNumber":0,"IsDirectory":false,"UserId":"c3be5f11-4228-469d-bf89-c4aba9b84ac9","ContentType":"","DateCreated":"2025-07-01T13:48:01.807","StorageZoneId":1097998,"Checksum":"3D7539692891964E4D2D7244C8BCA2DF2C8BB056BA020636B92BC752011321AD","ReplicatedZones":"UK,LA"}} 
[2025-07-01 14:01:35] local.INFO: Bunny.net API Request {"url":"https://storage.bunnycdn.com/tec-cathecism/"} 
[2025-07-01 14:01:35] local.INFO: Bunny.net API Response {"status":200,"file_count":3,"first_file":{"Guid":"3f7be092-04b1-42a2-93ad-98435afa1425","StorageZoneName":"tec-cathecism","Path":"/tec-cathecism/","ObjectName":"Lords Day 2.mp3","Length":58191872,"LastChanged":"2025-07-01T13:48:01.807","ServerId":997,"ArrayNumber":0,"IsDirectory":false,"UserId":"c3be5f11-4228-469d-bf89-c4aba9b84ac9","ContentType":"","DateCreated":"2025-07-01T13:48:01.807","StorageZoneId":1097998,"Checksum":"3D7539692891964E4D2D7244C8BCA2DF2C8BB056BA020636B92BC752011321AD","ReplicatedZones":"UK,LA"}} 
[2025-07-01 14:01:37] local.ERROR: Track sync error {"file":"Lords Day 2.mp3","error":"Undefined array key \"date\""} 
[2025-07-01 14:01:39] local.ERROR: Track sync error {"file":"Lords Day 3.mp3","error":"Undefined array key \"date\""} 
[2025-07-01 14:01:40] local.ERROR: Track sync error {"file":"Lords Day 5.mp3","error":"Undefined array key \"date\""} 
[2025-07-01 14:02:58] local.INFO: Bunny.net API Request {"url":"https://storage.bunnycdn.com/tec-cathecism/"} 
[2025-07-01 14:02:58] local.INFO: Bunny.net API Response {"status":200,"file_count":3,"first_file":{"Guid":"3f7be092-04b1-42a2-93ad-98435afa1425","StorageZoneName":"tec-cathecism","Path":"/tec-cathecism/","ObjectName":"Lords Day 2.mp3","Length":58191872,"LastChanged":"2025-07-01T13:48:01.807","ServerId":997,"ArrayNumber":0,"IsDirectory":false,"UserId":"c3be5f11-4228-469d-bf89-c4aba9b84ac9","ContentType":"","DateCreated":"2025-07-01T13:48:01.807","StorageZoneId":1097998,"Checksum":"3D7539692891964E4D2D7244C8BCA2DF2C8BB056BA020636B92BC752011321AD","ReplicatedZones":"UK,LA"}} 
[2025-07-01 14:14:55] local.INFO: Bunny.net API Request {"url":"https://storage.bunnycdn.com/tec-cathecism/"} 
[2025-07-01 14:14:55] local.INFO: Bunny.net API Response {"status":200,"file_count":3,"first_file":{"Guid":"3f7be092-04b1-42a2-93ad-98435afa1425","StorageZoneName":"tec-cathecism","Path":"/tec-cathecism/","ObjectName":"Lords Day 2.mp3","Length":58191872,"LastChanged":"2025-07-01T13:48:01.807","ServerId":997,"ArrayNumber":0,"IsDirectory":false,"UserId":"c3be5f11-4228-469d-bf89-c4aba9b84ac9","ContentType":"","DateCreated":"2025-07-01T13:48:01.807","StorageZoneId":1097998,"Checksum":"3D7539692891964E4D2D7244C8BCA2DF2C8BB056BA020636B92BC752011321AD","ReplicatedZones":"UK,LA"}} 
[2025-07-01 14:14:57] local.ERROR: Track sync error {"file":"Lords Day 2.mp3","error":"Undefined array key \"date\""} 
[2025-07-01 14:14:59] local.ERROR: Track sync error {"file":"Lords Day 3.mp3","error":"Undefined array key \"date\""} 
[2025-07-01 14:15:00] local.ERROR: Track sync error {"file":"Lords Day 5.mp3","error":"Undefined array key \"date\""} 
[2025-07-01 14:17:19] local.INFO: Bunny.net API Request {"url":"https://storage.bunnycdn.com/tec-cathecism/"} 
[2025-07-01 14:17:20] local.INFO: Bunny.net API Response {"status":200,"file_count":4,"first_file":{"Guid":"3f7be092-04b1-42a2-93ad-98435afa1425","StorageZoneName":"tec-cathecism","Path":"/tec-cathecism/","ObjectName":"Lords Day 2.mp3","Length":58191872,"LastChanged":"2025-07-01T13:48:01.807","ServerId":997,"ArrayNumber":0,"IsDirectory":false,"UserId":"c3be5f11-4228-469d-bf89-c4aba9b84ac9","ContentType":"","DateCreated":"2025-07-01T13:48:01.807","StorageZoneId":1097998,"Checksum":"3D7539692891964E4D2D7244C8BCA2DF2C8BB056BA020636B92BC752011321AD","ReplicatedZones":"UK,LA"}} 
[2025-07-01 14:17:22] local.ERROR: Track sync error {"file":"Lords Day 2.mp3","error":"Undefined array key \"date\""} 
[2025-07-01 14:17:23] local.ERROR: Track sync error {"file":"Lords Day 3.mp3","error":"Undefined array key \"date\""} 
[2025-07-01 14:17:25] local.ERROR: Track sync error {"file":"Lords Day 5.mp3","error":"Undefined array key \"date\""} 
[2025-07-01 14:17:27] local.ERROR: Track sync error {"file":"Lords Day 7.mp3","error":"Undefined array key \"date\""} 
[2025-07-01 14:18:24] local.ERROR: Target class [Database\Seeders\CoverArtSeeder] does not exist. {"exception":"[object] (Illuminate\\Contracts\\Container\\BindingResolutionException(code: 0): Target class [Database\\Seeders\\CoverArtSeeder] does not exist. at /home/elder/Apps/audio_app/vendor/laravel/framework/src/Illuminate/Container/Container.php:1019)
[stacktrace]
#0 /home/elder/Apps/audio_app/vendor/laravel/framework/src/Illuminate/Container/Container.php(890): Illuminate\\Container\\Container->build('Database\\\\Seeder...')
#1 /home/elder/Apps/audio_app/vendor/laravel/framework/src/Illuminate/Foundation/Application.php(1077): Illuminate\\Container\\Container->resolve('Database\\\\Seeder...', Array, true)
#2 /home/elder/Apps/audio_app/vendor/laravel/framework/src/Illuminate/Container/Container.php(821): Illuminate\\Foundation\\Application->resolve('Database\\\\Seeder...', Array)
#3 /home/elder/Apps/audio_app/vendor/laravel/framework/src/Illuminate/Foundation/Application.php(1057): Illuminate\\Container\\Container->make('Database\\\\Seeder...', Array)
#4 /home/elder/Apps/audio_app/vendor/laravel/framework/src/Illuminate/Database/Console/Seeds/SeedCommand.php(99): Illuminate\\Foundation\\Application->make('Database\\\\Seeder...')
#5 /home/elder/Apps/audio_app/vendor/laravel/framework/src/Illuminate/Database/Console/Seeds/SeedCommand.php(71): Illuminate\\Database\\Console\\Seeds\\SeedCommand->getSeeder()
#6 /home/elder/Apps/audio_app/vendor/laravel/framework/src/Illuminate/Database/Eloquent/Concerns/GuardsAttributes.php(157): Illuminate\\Database\\Console\\Seeds\\SeedCommand->Illuminate\\Database\\Console\\Seeds\\{closure}()
#7 /home/elder/Apps/audio_app/vendor/laravel/framework/src/Illuminate/Database/Console/Seeds/SeedCommand.php(70): Illuminate\\Database\\Eloquent\\Model::unguarded(Object(Closure))
#8 /home/elder/Apps/audio_app/vendor/laravel/framework/src/Illuminate/Container/BoundMethod.php(36): Illuminate\\Database\\Console\\Seeds\\SeedCommand->handle()
#9 /home/elder/Apps/audio_app/vendor/laravel/framework/src/Illuminate/Container/Util.php(43): Illuminate\\Container\\BoundMethod::Illuminate\\Container\\{closure}()
#10 /home/elder/Apps/audio_app/vendor/laravel/framework/src/Illuminate/Container/BoundMethod.php(96): Illuminate\\Container\\Util::unwrapIfClosure(Object(Closure))
#11 /home/elder/Apps/audio_app/vendor/laravel/framework/src/Illuminate/Container/BoundMethod.php(35): Illuminate\\Container\\BoundMethod::callBoundMethod(Object(Illuminate\\Foundation\\Application), Array, Object(Closure))
#12 /home/elder/Apps/audio_app/vendor/laravel/framework/src/Illuminate/Container/Container.php(754): Illuminate\\Container\\BoundMethod::call(Object(Illuminate\\Foundation\\Application), Array, Array, NULL)
#13 /home/elder/Apps/audio_app/vendor/laravel/framework/src/Illuminate/Console/Command.php(209): Illuminate\\Container\\Container->call(Array)
#14 /home/elder/Apps/audio_app/vendor/symfony/console/Command/Command.php(318): Illuminate\\Console\\Command->execute(Object(Symfony\\Component\\Console\\Input\\ArgvInput), Object(Illuminate\\Console\\OutputStyle))
#15 /home/elder/Apps/audio_app/vendor/laravel/framework/src/Illuminate/Console/Command.php(178): Symfony\\Component\\Console\\Command\\Command->run(Object(Symfony\\Component\\Console\\Input\\ArgvInput), Object(Illuminate\\Console\\OutputStyle))
#16 /home/elder/Apps/audio_app/vendor/symfony/console/Application.php(1092): Illuminate\\Console\\Command->run(Object(Symfony\\Component\\Console\\Input\\ArgvInput), Object(Symfony\\Component\\Console\\Output\\ConsoleOutput))
#17 /home/elder/Apps/audio_app/vendor/symfony/console/Application.php(341): Symfony\\Component\\Console\\Application->doRunCommand(Object(Illuminate\\Database\\Console\\Seeds\\SeedCommand), Object(Symfony\\Component\\Console\\Input\\ArgvInput), Object(Symfony\\Component\\Console\\Output\\ConsoleOutput))
#18 /home/elder/Apps/audio_app/vendor/symfony/console/Application.php(192): Symfony\\Component\\Console\\Application->doRun(Object(Symfony\\Component\\Console\\Input\\ArgvInput), Object(Symfony\\Component\\Console\\Output\\ConsoleOutput))
#19 /home/elder/Apps/audio_app/vendor/laravel/framework/src/Illuminate/Foundation/Console/Kernel.php(197): Symfony\\Component\\Console\\Application->run(Object(Symfony\\Component\\Console\\Input\\ArgvInput), Object(Symfony\\Component\\Console\\Output\\ConsoleOutput))
#20 /home/elder/Apps/audio_app/vendor/laravel/framework/src/Illuminate/Foundation/Application.php(1234): Illuminate\\Foundation\\Console\\Kernel->handle(Object(Symfony\\Component\\Console\\Input\\ArgvInput), Object(Symfony\\Component\\Console\\Output\\ConsoleOutput))
#21 /home/elder/Apps/audio_app/artisan(16): Illuminate\\Foundation\\Application->handleCommand(Object(Symfony\\Component\\Console\\Input\\ArgvInput))
#22 {main}

[previous exception] [object] (ReflectionException(code: -1): Class \"Database\\Seeders\\CoverArtSeeder\" does not exist at /home/elder/Apps/audio_app/vendor/laravel/framework/src/Illuminate/Container/Container.php:1017)
[stacktrace]
#0 /home/elder/Apps/audio_app/vendor/laravel/framework/src/Illuminate/Container/Container.php(1017): ReflectionClass->__construct('Database\\\\Seeder...')
#1 /home/elder/Apps/audio_app/vendor/laravel/framework/src/Illuminate/Container/Container.php(890): Illuminate\\Container\\Container->build('Database\\\\Seeder...')
#2 /home/elder/Apps/audio_app/vendor/laravel/framework/src/Illuminate/Foundation/Application.php(1077): Illuminate\\Container\\Container->resolve('Database\\\\Seeder...', Array, true)
#3 /home/elder/Apps/audio_app/vendor/laravel/framework/src/Illuminate/Container/Container.php(821): Illuminate\\Foundation\\Application->resolve('Database\\\\Seeder...', Array)
#4 /home/elder/Apps/audio_app/vendor/laravel/framework/src/Illuminate/Foundation/Application.php(1057): Illuminate\\Container\\Container->make('Database\\\\Seeder...', Array)
#5 /home/elder/Apps/audio_app/vendor/laravel/framework/src/Illuminate/Database/Console/Seeds/SeedCommand.php(99): Illuminate\\Foundation\\Application->make('Database\\\\Seeder...')
#6 /home/elder/Apps/audio_app/vendor/laravel/framework/src/Illuminate/Database/Console/Seeds/SeedCommand.php(71): Illuminate\\Database\\Console\\Seeds\\SeedCommand->getSeeder()
#7 /home/elder/Apps/audio_app/vendor/laravel/framework/src/Illuminate/Database/Eloquent/Concerns/GuardsAttributes.php(157): Illuminate\\Database\\Console\\Seeds\\SeedCommand->Illuminate\\Database\\Console\\Seeds\\{closure}()
#8 /home/elder/Apps/audio_app/vendor/laravel/framework/src/Illuminate/Database/Console/Seeds/SeedCommand.php(70): Illuminate\\Database\\Eloquent\\Model::unguarded(Object(Closure))
#9 /home/elder/Apps/audio_app/vendor/laravel/framework/src/Illuminate/Container/BoundMethod.php(36): Illuminate\\Database\\Console\\Seeds\\SeedCommand->handle()
#10 /home/elder/Apps/audio_app/vendor/laravel/framework/src/Illuminate/Container/Util.php(43): Illuminate\\Container\\BoundMethod::Illuminate\\Container\\{closure}()
#11 /home/elder/Apps/audio_app/vendor/laravel/framework/src/Illuminate/Container/BoundMethod.php(96): Illuminate\\Container\\Util::unwrapIfClosure(Object(Closure))
#12 /home/elder/Apps/audio_app/vendor/laravel/framework/src/Illuminate/Container/BoundMethod.php(35): Illuminate\\Container\\BoundMethod::callBoundMethod(Object(Illuminate\\Foundation\\Application), Array, Object(Closure))
#13 /home/elder/Apps/audio_app/vendor/laravel/framework/src/Illuminate/Container/Container.php(754): Illuminate\\Container\\BoundMethod::call(Object(Illuminate\\Foundation\\Application), Array, Array, NULL)
#14 /home/elder/Apps/audio_app/vendor/laravel/framework/src/Illuminate/Console/Command.php(209): Illuminate\\Container\\Container->call(Array)
#15 /home/elder/Apps/audio_app/vendor/symfony/console/Command/Command.php(318): Illuminate\\Console\\Command->execute(Object(Symfony\\Component\\Console\\Input\\ArgvInput), Object(Illuminate\\Console\\OutputStyle))
#16 /home/elder/Apps/audio_app/vendor/laravel/framework/src/Illuminate/Console/Command.php(178): Symfony\\Component\\Console\\Command\\Command->run(Object(Symfony\\Component\\Console\\Input\\ArgvInput), Object(Illuminate\\Console\\OutputStyle))
#17 /home/elder/Apps/audio_app/vendor/symfony/console/Application.php(1092): Illuminate\\Console\\Command->run(Object(Symfony\\Component\\Console\\Input\\ArgvInput), Object(Symfony\\Component\\Console\\Output\\ConsoleOutput))
#18 /home/elder/Apps/audio_app/vendor/symfony/console/Application.php(341): Symfony\\Component\\Console\\Application->doRunCommand(Object(Illuminate\\Database\\Console\\Seeds\\SeedCommand), Object(Symfony\\Component\\Console\\Input\\ArgvInput), Object(Symfony\\Component\\Console\\Output\\ConsoleOutput))
#19 /home/elder/Apps/audio_app/vendor/symfony/console/Application.php(192): Symfony\\Component\\Console\\Application->doRun(Object(Symfony\\Component\\Console\\Input\\ArgvInput), Object(Symfony\\Component\\Console\\Output\\ConsoleOutput))
#20 /home/elder/Apps/audio_app/vendor/laravel/framework/src/Illuminate/Foundation/Console/Kernel.php(197): Symfony\\Component\\Console\\Application->run(Object(Symfony\\Component\\Console\\Input\\ArgvInput), Object(Symfony\\Component\\Console\\Output\\ConsoleOutput))
#21 /home/elder/Apps/audio_app/vendor/laravel/framework/src/Illuminate/Foundation/Application.php(1234): Illuminate\\Foundation\\Console\\Kernel->handle(Object(Symfony\\Component\\Console\\Input\\ArgvInput), Object(Symfony\\Component\\Console\\Output\\ConsoleOutput))
#22 /home/elder/Apps/audio_app/artisan(16): Illuminate\\Foundation\\Application->handleCommand(Object(Symfony\\Component\\Console\\Input\\ArgvInput))
#23 {main}
"} 
[2025-07-01 14:19:14] local.INFO: Bunny.net API Request {"url":"https://storage.bunnycdn.com/tec-cathecism/"} 
[2025-07-01 14:19:14] local.INFO: Bunny.net API Response {"status":200,"file_count":4,"first_file":{"Guid":"3f7be092-04b1-42a2-93ad-98435afa1425","StorageZoneName":"tec-cathecism","Path":"/tec-cathecism/","ObjectName":"Lords Day 2.mp3","Length":58191872,"LastChanged":"2025-07-01T13:48:01.807","ServerId":997,"ArrayNumber":0,"IsDirectory":false,"UserId":"c3be5f11-4228-469d-bf89-c4aba9b84ac9","ContentType":"","DateCreated":"2025-07-01T13:48:01.807","StorageZoneId":1097998,"Checksum":"3D7539692891964E4D2D7244C8BCA2DF2C8BB056BA020636B92BC752011321AD","ReplicatedZones":"UK,LA"}} 
[2025-07-01 14:19:16] local.ERROR: Track sync error {"file":"Lords Day 2.mp3","error":"Undefined array key \"date\""} 
[2025-07-01 14:19:17] local.ERROR: Track sync error {"file":"Lords Day 3.mp3","error":"Undefined array key \"date\""} 
[2025-07-01 14:19:19] local.ERROR: Track sync error {"file":"Lords Day 5.mp3","error":"Undefined array key \"date\""} 
[2025-07-01 14:19:20] local.ERROR: Track sync error {"file":"Lords Day 7.mp3","error":"Undefined array key \"date\""} 
[2025-07-01 14:22:28] local.INFO: Bunny.net API Request {"url":"https://storage.bunnycdn.com/tec-cathecism/"} 
[2025-07-01 14:22:29] local.INFO: Bunny.net API Response {"status":200,"file_count":4,"first_file":{"Guid":"3f7be092-04b1-42a2-93ad-98435afa1425","StorageZoneName":"tec-cathecism","Path":"/tec-cathecism/","ObjectName":"Lords Day 2.mp3","Length":58191872,"LastChanged":"2025-07-01T13:48:01.807","ServerId":997,"ArrayNumber":0,"IsDirectory":false,"UserId":"c3be5f11-4228-469d-bf89-c4aba9b84ac9","ContentType":"","DateCreated":"2025-07-01T13:48:01.807","StorageZoneId":1097998,"Checksum":"3D7539692891964E4D2D7244C8BCA2DF2C8BB056BA020636B92BC752011321AD","ReplicatedZones":"UK,LA"}} 
[2025-07-01 14:31:35] local.INFO: Bunny.net API Request {"url":"https://storage.bunnycdn.com/tec-cathecism/"} 
[2025-07-01 14:31:35] local.INFO: Bunny.net API Response {"status":200,"file_count":5,"first_file":{"Guid":"3f7be092-04b1-42a2-93ad-98435afa1425","StorageZoneName":"tec-cathecism","Path":"/tec-cathecism/","ObjectName":"Lords Day 2.mp3","Length":58191872,"LastChanged":"2025-07-01T13:48:01.807","ServerId":997,"ArrayNumber":0,"IsDirectory":false,"UserId":"c3be5f11-4228-469d-bf89-c4aba9b84ac9","ContentType":"","DateCreated":"2025-07-01T13:48:01.807","StorageZoneId":1097998,"Checksum":"3D7539692891964E4D2D7244C8BCA2DF2C8BB056BA020636B92BC752011321AD","ReplicatedZones":"UK,LA"}} 
[2025-07-01 14:47:16] local.INFO: Bunny.net API Request {"url":"https://storage.bunnycdn.com/tec-cathecism/"} 
[2025-07-01 14:47:17] local.INFO: Bunny.net API Response {"status":200,"file_count":4,"first_file":{"Guid":"0964610b-b59a-4951-8cc2-ef900a308d72","StorageZoneName":"tec-cathecism","Path":"/tec-cathecism/","ObjectName":"Lords Day 3.mp3","Length":70981632,"LastChanged":"2025-07-01T13:50:32.706","ServerId":1109,"ArrayNumber":0,"IsDirectory":false,"UserId":"c3be5f11-4228-469d-bf89-c4aba9b84ac9","ContentType":"","DateCreated":"2025-07-01T13:50:32.706","StorageZoneId":1097998,"Checksum":"B6B902A2FAE513C929F9CE0B514CD6BAFB33EEE556DA9561B54737E6BEBDC72E","ReplicatedZones":"UK,LA"}} 
[2025-07-01 14:47:30] local.INFO: Deactivated missing track {"file":"Lords Day 2.mp3"} 
[2025-07-01 15:09:55] local.INFO: Bunny.net API Request {"url":"https://storage.bunnycdn.com/tec-cathecism/"} 
[2025-07-01 15:09:56] local.INFO: Bunny.net API Response {"status":200,"file_count":4,"first_file":{"Guid":"0964610b-b59a-4951-8cc2-ef900a308d72","StorageZoneName":"tec-cathecism","Path":"/tec-cathecism/","ObjectName":"Lords Day 3.mp3","Length":70981632,"LastChanged":"2025-07-01T13:50:32.706","ServerId":1109,"ArrayNumber":0,"IsDirectory":false,"UserId":"c3be5f11-4228-469d-bf89-c4aba9b84ac9","ContentType":"","DateCreated":"2025-07-01T13:50:32.706","StorageZoneId":1097998,"Checksum":"B6B902A2FAE513C929F9CE0B514CD6BAFB33EEE556DA9561B54737E6BEBDC72E","ReplicatedZones":"UK,LA"}} 
[2025-07-01 15:18:09] local.INFO: Bunny.net API Request {"url":"https://storage.bunnycdn.com/tec-cathecism/"} 
[2025-07-01 15:18:09] local.INFO: Bunny.net API Response {"status":200,"file_count":4,"first_file":{"Guid":"0964610b-b59a-4951-8cc2-ef900a308d72","StorageZoneName":"tec-cathecism","Path":"/tec-cathecism/","ObjectName":"Lords Day 3.mp3","Length":70981632,"LastChanged":"2025-07-01T13:50:32.706","ServerId":1109,"ArrayNumber":0,"IsDirectory":false,"UserId":"c3be5f11-4228-469d-bf89-c4aba9b84ac9","ContentType":"","DateCreated":"2025-07-01T13:50:32.706","StorageZoneId":1097998,"Checksum":"B6B902A2FAE513C929F9CE0B514CD6BAFB33EEE556DA9561B54737E6BEBDC72E","ReplicatedZones":"UK,LA"}} 
[2025-07-01 15:20:19] local.INFO: Bunny.net API Request {"url":"https://storage.bunnycdn.com/tec-cathecism/"} 
[2025-07-01 15:20:20] local.INFO: Bunny.net API Response {"status":200,"file_count":4,"first_file":{"Guid":"0964610b-b59a-4951-8cc2-ef900a308d72","StorageZoneName":"tec-cathecism","Path":"/tec-cathecism/","ObjectName":"Lords Day 3.mp3","Length":70981632,"LastChanged":"2025-07-01T13:50:32.706","ServerId":1109,"ArrayNumber":0,"IsDirectory":false,"UserId":"c3be5f11-4228-469d-bf89-c4aba9b84ac9","ContentType":"","DateCreated":"2025-07-01T13:50:32.706","StorageZoneId":1097998,"Checksum":"B6B902A2FAE513C929F9CE0B514CD6BAFB33EEE556DA9561B54737E6BEBDC72E","ReplicatedZones":"UK,LA"}} 
[2025-07-01 15:41:36] local.INFO: Bunny.net API Request {"url":"https://storage.bunnycdn.com/tec-cathecism/"} 
[2025-07-01 15:41:37] local.INFO: Bunny.net API Response {"status":200,"file_count":4,"first_file":{"Guid":"0964610b-b59a-4951-8cc2-ef900a308d72","StorageZoneName":"tec-cathecism","Path":"/tec-cathecism/","ObjectName":"Lords Day 3.mp3","Length":70981632,"LastChanged":"2025-07-01T13:50:32.706","ServerId":1109,"ArrayNumber":0,"IsDirectory":false,"UserId":"c3be5f11-4228-469d-bf89-c4aba9b84ac9","ContentType":"","DateCreated":"2025-07-01T13:50:32.706","StorageZoneId":1097998,"Checksum":"B6B902A2FAE513C929F9CE0B514CD6BAFB33EEE556DA9561B54737E6BEBDC72E","ReplicatedZones":"UK,LA"}} 
[2025-07-01 15:50:07] local.INFO: Bunny.net API Request {"url":"https://storage.bunnycdn.com/tec-cathecism/"} 
[2025-07-01 15:50:08] local.INFO: Bunny.net API Response {"status":200,"file_count":4,"first_file":{"Guid":"0964610b-b59a-4951-8cc2-ef900a308d72","StorageZoneName":"tec-cathecism","Path":"/tec-cathecism/","ObjectName":"Lords Day 3.mp3","Length":70981632,"LastChanged":"2025-07-01T13:50:32.706","ServerId":1109,"ArrayNumber":0,"IsDirectory":false,"UserId":"c3be5f11-4228-469d-bf89-c4aba9b84ac9","ContentType":"","DateCreated":"2025-07-01T13:50:32.706","StorageZoneId":1097998,"Checksum":"B6B902A2FAE513C929F9CE0B514CD6BAFB33EEE556DA9561B54737E6BEBDC72E","ReplicatedZones":"UK,LA"}} 
[2025-07-01 17:18:39] local.INFO: Bunny.net API Request {"url":"https://storage.bunnycdn.com/tec-cathecism/"} 
[2025-07-01 17:18:40] local.INFO: Bunny.net API Response {"status":200,"file_count":4,"first_file":{"Guid":"0964610b-b59a-4951-8cc2-ef900a308d72","StorageZoneName":"tec-cathecism","Path":"/tec-cathecism/","ObjectName":"Lords Day 3.mp3","Length":70981632,"LastChanged":"2025-07-01T13:50:32.706","ServerId":1109,"ArrayNumber":0,"IsDirectory":false,"UserId":"c3be5f11-4228-469d-bf89-c4aba9b84ac9","ContentType":"","DateCreated":"2025-07-01T13:50:32.706","StorageZoneId":1097998,"Checksum":"B6B902A2FAE513C929F9CE0B514CD6BAFB33EEE556DA9561B54737E6BEBDC72E","ReplicatedZones":"UK,LA"}} 
[2025-07-01 17:22:02] local.INFO: Bunny.net API Request {"url":"https://storage.bunnycdn.com/tec-cathecism/"} 
[2025-07-01 17:22:03] local.INFO: Bunny.net API Response {"status":200,"file_count":4,"first_file":{"Guid":"0964610b-b59a-4951-8cc2-ef900a308d72","StorageZoneName":"tec-cathecism","Path":"/tec-cathecism/","ObjectName":"Lords Day 3.mp3","Length":70981632,"LastChanged":"2025-07-01T13:50:32.706","ServerId":1109,"ArrayNumber":0,"IsDirectory":false,"UserId":"c3be5f11-4228-469d-bf89-c4aba9b84ac9","ContentType":"","DateCreated":"2025-07-01T13:50:32.706","StorageZoneId":1097998,"Checksum":"B6B902A2FAE513C929F9CE0B514CD6BAFB33EEE556DA9561B54737E6BEBDC72E","ReplicatedZones":"UK,LA"}} 
[2025-07-01 17:26:04] local.INFO: Updated track duration {"track":"Lords Day 5","old_duration":1733,"new_duration":1733} 
[2025-07-01 17:28:18] local.INFO: Updated track duration {"track":"Lords Day 3","old_duration":1774,"new_duration":1774} 
[2025-07-01 17:29:43] local.INFO: Updated track duration {"track":"Lords Day 7","old_duration":1639,"new_duration":1639} 
[2025-07-01 17:29:47] local.INFO: Updated track duration {"track":"Lords Day 8","old_duration":1818,"new_duration":1818} 
[2025-07-01 17:40:03] local.INFO: Bunny.net API Request {"url":"https://storage.bunnycdn.com/tec-cathecism/"} 
[2025-07-01 17:40:03] local.INFO: Bunny.net API Response {"status":200,"file_count":0,"first_file":null} 
[2025-07-01 17:40:03] local.INFO: Deactivated missing track {"file":"Lords Day 3.mp3"} 
[2025-07-01 17:40:03] local.INFO: Deactivated missing track {"file":"Lords Day 5.mp3"} 
[2025-07-01 17:40:03] local.INFO: Deactivated missing track {"file":"Lords Day 7.mp3"} 
[2025-07-01 17:40:03] local.INFO: Deactivated missing track {"file":"Lords Day 8.mp3"} 
[2025-07-01 17:42:27] local.INFO: Bunny.net API Request {"url":"https://storage.bunnycdn.com/tec-cathecism/"} 
[2025-07-01 17:42:28] local.INFO: Bunny.net API Response {"status":200,"file_count":1,"first_file":{"Guid":"3a08602b-4a24-4b39-8468-e891b3237690","StorageZoneName":"tec-cathecism","Path":"/tec-cathecism/","ObjectName":"Lords Day 2.mp3","Length":58192103,"LastChanged":"2025-07-01T17:40:21.117","ServerId":1101,"ArrayNumber":0,"IsDirectory":false,"UserId":"c3be5f11-4228-469d-bf89-c4aba9b84ac9","ContentType":"","DateCreated":"2025-07-01T17:40:21.117","StorageZoneId":1097998,"Checksum":"91BE3E6A78D3A7170DC15BF924C0864555DFBFB9E62F962AE91B97939E5B7233","ReplicatedZones":"UK,LA"}} 
[2025-07-01 17:44:14] local.INFO: Updated track duration {"track":"Lords Day 2","old_duration":1454,"new_duration":1454} 
[2025-07-01 18:48:46] local.INFO: Bunny.net API Request {"url":"https://storage.bunnycdn.com/tec-cathecism/"} 
[2025-07-01 18:48:47] local.INFO: Bunny.net API Response {"status":200,"file_count":1,"first_file":{"Guid":"3a08602b-4a24-4b39-8468-e891b3237690","StorageZoneName":"tec-cathecism","Path":"/tec-cathecism/","ObjectName":"Lords Day 2.mp3","Length":58192103,"LastChanged":"2025-07-01T17:40:21.117","ServerId":1101,"ArrayNumber":0,"IsDirectory":false,"UserId":"c3be5f11-4228-469d-bf89-c4aba9b84ac9","ContentType":"","DateCreated":"2025-07-01T17:40:21.117","StorageZoneId":1097998,"Checksum":"91BE3E6A78D3A7170DC15BF924C0864555DFBFB9E62F962AE91B97939E5B7233","ReplicatedZones":"UK,LA"}} 
[2025-07-01 18:50:45] local.INFO: Bunny.net API Request {"url":"https://storage.bunnycdn.com/tec-cathecism/"} 
[2025-07-01 18:50:45] local.INFO: Bunny.net API Response {"status":200,"file_count":1,"first_file":{"Guid":"3a08602b-4a24-4b39-8468-e891b3237690","StorageZoneName":"tec-cathecism","Path":"/tec-cathecism/","ObjectName":"Lords Day 2.mp3","Length":58192103,"LastChanged":"2025-07-01T17:40:21.117","ServerId":1101,"ArrayNumber":0,"IsDirectory":false,"UserId":"c3be5f11-4228-469d-bf89-c4aba9b84ac9","ContentType":"","DateCreated":"2025-07-01T17:40:21.117","StorageZoneId":1097998,"Checksum":"91BE3E6A78D3A7170DC15BF924C0864555DFBFB9E62F962AE91B97939E5B7233","ReplicatedZones":"UK,LA"}} 
[2025-07-01 19:09:45] local.INFO: Bunny.net API Request {"url":"https://storage.bunnycdn.com/tec-cathecism/"} 
[2025-07-01 19:09:46] local.INFO: Bunny.net API Response {"status":200,"file_count":2,"first_file":{"Guid":"3a08602b-4a24-4b39-8468-e891b3237690","StorageZoneName":"tec-cathecism","Path":"/tec-cathecism/","ObjectName":"Lords Day 2.mp3","Length":58192103,"LastChanged":"2025-07-01T17:40:21.117","ServerId":1101,"ArrayNumber":0,"IsDirectory":false,"UserId":"c3be5f11-4228-469d-bf89-c4aba9b84ac9","ContentType":"","DateCreated":"2025-07-01T17:40:21.117","StorageZoneId":1097998,"Checksum":"91BE3E6A78D3A7170DC15BF924C0864555DFBFB9E62F962AE91B97939E5B7233","ReplicatedZones":"UK,LA"}} 
[2025-07-01 19:10:04] local.INFO: Updated track duration {"track":"Lords Day 2","old_duration":1454,"new_duration":1454} 
[2025-07-01 19:23:04] local.INFO: Bunny.net API Request {"url":"https://storage.bunnycdn.com/tec-cathecism/"} 
[2025-07-01 19:23:06] local.INFO: Bunny.net API Response {"status":200,"file_count":3,"first_file":{"Guid":"3a08602b-4a24-4b39-8468-e891b3237690","StorageZoneName":"tec-cathecism","Path":"/tec-cathecism/","ObjectName":"Lords Day 2.mp3","Length":58192103,"LastChanged":"2025-07-01T17:40:21.117","ServerId":1101,"ArrayNumber":0,"IsDirectory":false,"UserId":"c3be5f11-4228-469d-bf89-c4aba9b84ac9","ContentType":"","DateCreated":"2025-07-01T17:40:21.117","StorageZoneId":1097998,"Checksum":"91BE3E6A78D3A7170DC15BF924C0864555DFBFB9E62F962AE91B97939E5B7233","ReplicatedZones":"UK,LA"}} 
[2025-07-01 19:30:19] local.INFO: Bunny.net API Request {"url":"https://storage.bunnycdn.com/tec-cathecism/"} 
[2025-07-01 19:30:20] local.INFO: Bunny.net API Response {"status":200,"file_count":4,"first_file":{"Guid":"3a08602b-4a24-4b39-8468-e891b3237690","StorageZoneName":"tec-cathecism","Path":"/tec-cathecism/","ObjectName":"Lords Day 2.mp3","Length":58192103,"LastChanged":"2025-07-01T17:40:21.117","ServerId":1101,"ArrayNumber":0,"IsDirectory":false,"UserId":"c3be5f11-4228-469d-bf89-c4aba9b84ac9","ContentType":"","DateCreated":"2025-07-01T17:40:21.117","StorageZoneId":1097998,"Checksum":"91BE3E6A78D3A7170DC15BF924C0864555DFBFB9E62F962AE91B97939E5B7233","ReplicatedZones":"UK,LA"}} 
[2025-07-01 19:31:06] local.INFO: Updated track duration {"track":"Lords Day 3","old_duration":1774,"new_duration":1774} 
[2025-07-01 19:31:16] local.INFO: Updated track duration {"track":"Lords Day 5","old_duration":1733,"new_duration":1733} 
[2025-07-01 19:54:42] local.INFO: Bunny.net API Request {"url":"https://storage.bunnycdn.com/tec-cathecism/"} 
[2025-07-01 19:54:47] local.ERROR: Failed to list music files from Bunny.net {"error":"cURL error 6: Could not resolve host: storage.bunnycdn.com (see https://curl.haxx.se/libcurl/c/libcurl-errors.html) for https://storage.bunnycdn.com/tec-cathecism/","directory":"","url":"https://storage.bunnycdn.com/tec-cathecism/"} 
[2025-07-01 19:58:35] local.INFO: Bunny.net API Request {"url":"https://storage.bunnycdn.com/tec-cathecism/"} 
[2025-07-01 19:58:36] local.INFO: Bunny.net API Response {"status":200,"file_count":5,"first_file":{"Guid":"3a08602b-4a24-4b39-8468-e891b3237690","StorageZoneName":"tec-cathecism","Path":"/tec-cathecism/","ObjectName":"Lords Day 2.mp3","Length":58192103,"LastChanged":"2025-07-01T17:40:21.117","ServerId":1101,"ArrayNumber":0,"IsDirectory":false,"UserId":"c3be5f11-4228-469d-bf89-c4aba9b84ac9","ContentType":"","DateCreated":"2025-07-01T17:40:21.117","StorageZoneId":1097998,"Checksum":"91BE3E6A78D3A7170DC15BF924C0864555DFBFB9E62F962AE91B97939E5B7233","ReplicatedZones":"UK,LA"}} 
[2025-07-01 20:03:54] local.INFO: Bunny.net API Request {"url":"https://storage.bunnycdn.com/tec-cathecism/"} 
[2025-07-01 20:03:59] local.ERROR: Failed to list music files from Bunny.net {"error":"cURL error 6: Could not resolve host: storage.bunnycdn.com (see https://curl.haxx.se/libcurl/c/libcurl-errors.html) for https://storage.bunnycdn.com/tec-cathecism/","directory":"","url":"https://storage.bunnycdn.com/tec-cathecism/"} 
[2025-07-01 20:03:59] local.INFO: Deactivated missing track {"file":"Lords Day 2.mp3"} 
[2025-07-01 20:03:59] local.INFO: Deactivated missing track {"file":"Lords Day 3.mp3"} 
[2025-07-01 20:03:59] local.INFO: Deactivated missing track {"file":"Lords Day 5.mp3"} 
[2025-07-01 20:03:59] local.INFO: Deactivated missing track {"file":"Lords Day 7.mp3"} 
[2025-07-01 20:04:07] local.INFO: Bunny.net API Request {"url":"https://storage.bunnycdn.com/tec-cathecism/"} 
[2025-07-01 20:04:07] local.INFO: Bunny.net API Response {"status":200,"file_count":5,"first_file":{"Guid":"3a08602b-4a24-4b39-8468-e891b3237690","StorageZoneName":"tec-cathecism","Path":"/tec-cathecism/","ObjectName":"Lords Day 2.mp3","Length":58192103,"LastChanged":"2025-07-01T17:40:21.117","ServerId":1101,"ArrayNumber":0,"IsDirectory":false,"UserId":"c3be5f11-4228-469d-bf89-c4aba9b84ac9","ContentType":"","DateCreated":"2025-07-01T17:40:21.117","StorageZoneId":1097998,"Checksum":"91BE3E6A78D3A7170DC15BF924C0864555DFBFB9E62F962AE91B97939E5B7233","ReplicatedZones":"UK,LA"}} 
[2025-07-01 20:10:56] local.INFO: Bunny.net API Request {"url":"https://storage.bunnycdn.com/tec-cathecism/"} 
[2025-07-01 20:10:59] local.INFO: Bunny.net API Response {"status":200,"file_count":5,"first_file":{"Guid":"3a08602b-4a24-4b39-8468-e891b3237690","StorageZoneName":"tec-cathecism","Path":"/tec-cathecism/","ObjectName":"Lords Day 2.mp3","Length":58192103,"LastChanged":"2025-07-01T17:40:21.117","ServerId":1101,"ArrayNumber":0,"IsDirectory":false,"UserId":"c3be5f11-4228-469d-bf89-c4aba9b84ac9","ContentType":"","DateCreated":"2025-07-01T17:40:21.117","StorageZoneId":1097998,"Checksum":"91BE3E6A78D3A7170DC15BF924C0864555DFBFB9E62F962AE91B97939E5B7233","ReplicatedZones":"UK,LA"}} 
[2025-07-01 20:33:23] local.INFO: Bunny.net API Request {"url":"https://storage.bunnycdn.com/tec-cathecism/"} 
[2025-07-01 20:33:24] local.INFO: Bunny.net API Response {"status":200,"file_count":5,"first_file":{"Guid":"3a08602b-4a24-4b39-8468-e891b3237690","StorageZoneName":"tec-cathecism","Path":"/tec-cathecism/","ObjectName":"Lords Day 2.mp3","Length":58192103,"LastChanged":"2025-07-01T17:40:21.117","ServerId":1101,"ArrayNumber":0,"IsDirectory":false,"UserId":"c3be5f11-4228-469d-bf89-c4aba9b84ac9","ContentType":"","DateCreated":"2025-07-01T17:40:21.117","StorageZoneId":1097998,"Checksum":"91BE3E6A78D3A7170DC15BF924C0864555DFBFB9E62F962AE91B97939E5B7233","ReplicatedZones":"UK,LA"}} 
[2025-07-01 20:34:44] local.INFO: Updated track duration {"track":"Lords Day 2","old_duration":1454,"new_duration":1454} 
[2025-07-01 20:43:12] local.INFO: Bunny.net API Request {"url":"https://storage.bunnycdn.com/tec-cathecism/"} 
[2025-07-01 20:43:17] local.ERROR: Failed to list music files from Bunny.net {"error":"cURL error 6: Could not resolve host: storage.bunnycdn.com (see https://curl.haxx.se/libcurl/c/libcurl-errors.html) for https://storage.bunnycdn.com/tec-cathecism/","directory":"","url":"https://storage.bunnycdn.com/tec-cathecism/"} 
[2025-07-01 20:51:09] local.INFO: Bunny.net API Request {"url":"https://storage.bunnycdn.com/tec-cathecism/"} 
[2025-07-01 20:51:10] local.INFO: Bunny.net API Response {"status":200,"file_count":6,"first_file":{"Guid":"3a08602b-4a24-4b39-8468-e891b3237690","StorageZoneName":"tec-cathecism","Path":"/tec-cathecism/","ObjectName":"Lords Day 2.mp3","Length":58192103,"LastChanged":"2025-07-01T17:40:21.117","ServerId":1101,"ArrayNumber":0,"IsDirectory":false,"UserId":"c3be5f11-4228-469d-bf89-c4aba9b84ac9","ContentType":"","DateCreated":"2025-07-01T17:40:21.117","StorageZoneId":1097998,"Checksum":"91BE3E6A78D3A7170DC15BF924C0864555DFBFB9E62F962AE91B97939E5B7233","ReplicatedZones":"UK,LA"}} 
[2025-07-01 20:55:26] local.INFO: Bunny.net API Request {"url":"https://storage.bunnycdn.com/tec-cathecism/"} 
[2025-07-01 20:55:26] local.INFO: Bunny.net API Response {"status":200,"file_count":6,"first_file":{"Guid":"3a08602b-4a24-4b39-8468-e891b3237690","StorageZoneName":"tec-cathecism","Path":"/tec-cathecism/","ObjectName":"Lords Day 2.mp3","Length":58192103,"LastChanged":"2025-07-01T17:40:21.117","ServerId":1101,"ArrayNumber":0,"IsDirectory":false,"UserId":"c3be5f11-4228-469d-bf89-c4aba9b84ac9","ContentType":"","DateCreated":"2025-07-01T17:40:21.117","StorageZoneId":1097998,"Checksum":"91BE3E6A78D3A7170DC15BF924C0864555DFBFB9E62F962AE91B97939E5B7233","ReplicatedZones":"UK,LA"}} 
[2025-07-01 21:08:03] local.INFO: Updated track duration {"track":"Lord's Day 2","old_duration":1454,"new_duration":1454} 
[2025-07-01 21:10:25] local.INFO: Updated track duration {"track":"Lord's Day 3","old_duration":1774,"new_duration":1774} 
[2025-07-01 21:12:16] local.INFO: Updated track duration {"track":"Lord's Day 8","old_duration":1818,"new_duration":1818} 
[2025-07-01 21:13:09] local.INFO: Updated track duration {"track":"Lord's Day 7","old_duration":1639,"new_duration":1639} 
[2025-07-01 21:14:27] local.INFO: Bunny.net API Request {"url":"https://storage.bunnycdn.com/tec-cathecism/"} 
[2025-07-01 21:14:28] local.INFO: Bunny.net API Response {"status":200,"file_count":7,"first_file":{"Guid":"212d8926-390e-413f-a9f0-aaa9bfc49fc2","StorageZoneName":"tec-cathecism","Path":"/tec-cathecism/","ObjectName":"Lords Day 10.mp3","Length":72308011,"LastChanged":"2025-07-01T20:56:32.073","ServerId":1106,"ArrayNumber":0,"IsDirectory":false,"UserId":"c3be5f11-4228-469d-bf89-c4aba9b84ac9","ContentType":"","DateCreated":"2025-07-01T20:56:32.073","StorageZoneId":1097998,"Checksum":"2F476F456EBF3FDA39619916C02D514FF19EDAFC12C6BE95C1E635ED0FDDB8F3","ReplicatedZones":"UK,LA"}} 
[2025-07-01 21:17:25] local.INFO: Updated track duration {"track":"Lords Day 10","old_duration":1807,"new_duration":1807} 
[2025-07-02 08:31:57] local.INFO: Bunny.net API Request {"url":"https://storage.bunnycdn.com/tec-cathecism/"} 
[2025-07-02 08:31:58] local.INFO: Bunny.net API Response {"status":200,"file_count":9,"first_file":{"Guid":"212d8926-390e-413f-a9f0-aaa9bfc49fc2","StorageZoneName":"tec-cathecism","Path":"/tec-cathecism/","ObjectName":"Lords Day 10.mp3","Length":72308011,"LastChanged":"2025-07-01T20:56:32.073","ServerId":1106,"ArrayNumber":0,"IsDirectory":false,"UserId":"c3be5f11-4228-469d-bf89-c4aba9b84ac9","ContentType":"","DateCreated":"2025-07-01T20:56:32.073","StorageZoneId":1097998,"Checksum":"2F476F456EBF3FDA39619916C02D514FF19EDAFC12C6BE95C1E635ED0FDDB8F3","ReplicatedZones":"UK,LA"}} 
[2025-07-02 08:55:37] local.INFO: Updated track duration {"track":"Lord's Day 2","old_duration":1454,"new_duration":1454} 
[2025-07-02 11:48:12] local.ERROR: Health check - Bunny CDN failed: Undefined property: App\Http\Controllers\MusicPlayerController::$bunnyCdnHostname  
